2025-04-01 21:22:50,576 INFO data_loader Started modul DataLoader
2025-04-01 21:25:03,383 INFO data_loader Данные успешно загружены
2025-04-01 21:35:30,483 INFO data_loader Данные успешно загружены
2025-04-01 21:37:13,283 INFO data_loader Данные успешно загружены
2025-04-01 21:38:02,099 INFO data_loader Данные успешно загружены
2025-04-01 21:38:02,408 INFO 1090576644 Предобработка данных завершена
2025-04-01 21:38:40,042 INFO data_loader Данные успешно загружены
2025-04-01 21:38:40,471 INFO 2553661576 Предобработка данных завершена
2025-04-01 21:38:43,422 INFO 2553661576 Предобработка данных завершена
2025-04-01 21:42:29,704 INFO data_loader Started modul DataLoader
2025-04-01 21:42:30,907 INFO 234498167 Служебные папки созданы
2025-04-01 21:42:30,918 INFO data_loader Данные успешно загружены
2025-04-01 21:42:31,331 INFO 2553661576 Предобработка данных завершена
2025-04-01 21:42:32,523 INFO 3314551836 EDA визуализации сохранены
2025-04-01 21:42:39,214 INFO 2553661576 Предобработка данных завершена
2025-04-01 21:46:23,890 INFO 234498167 Служебные папки созданы
2025-04-01 21:46:23,908 INFO data_loader Данные успешно загружены
2025-04-01 21:46:24,299 INFO 2553661576 Предобработка данных завершена
2025-04-01 21:46:41,236 INFO 3314551836 EDA визуализации сохранены
2025-04-01 21:47:48,421 INFO 278688886 Служебные папки созданы
2025-04-01 21:47:48,437 INFO data_loader Данные успешно загружены
2025-04-01 21:48:43,624 INFO 2553661576 Предобработка данных завершена
2025-04-01 21:48:48,875 INFO 17191883 Графики EDA сохранены в visualizations/eda_plots.png
2025-04-01 21:48:49,237 INFO 17191883 EDA визуализации сохранены
2025-04-01 21:51:28,660 INFO data_loader Started modul DataLoader
2025-04-01 21:51:40,083 INFO 1911733322 Служебные папки созданы
2025-04-01 21:51:40,095 INFO data_loader Данные успешно загружены
2025-04-01 21:51:40,456 INFO 2553661576 Предобработка данных завершена
2025-04-01 21:51:41,389 INFO 17191883 Графики EDA сохранены в visualizations/eda_plots.png
2025-04-01 21:51:41,964 INFO 17191883 EDA визуализации сохранены
2025-04-01 21:51:43,000 INFO 2757468535 Кластеризация команд выполнена
2025-04-01 21:51:46,366 INFO 2553661576 Предобработка данных завершена
2025-04-01 21:51:53,195 INFO 2757468535 Кластеризация команд выполнена
2025-04-01 21:54:17,237 INFO 2007990991 Служебные папки созданы
2025-04-01 21:54:17,258 INFO data_loader Данные успешно загружены
2025-04-01 21:54:30,641 INFO 2007990991 Служебные папки созданы
2025-04-01 21:54:30,657 INFO data_loader Данные успешно загружены
2025-04-01 21:54:30,941 INFO 2553661576 Предобработка данных завершена
2025-04-01 21:54:31,683 INFO 17191883 Графики EDA сохранены в visualizations/eda_plots.png
2025-04-01 21:54:32,046 INFO 17191883 EDA визуализации сохранены
2025-04-01 21:54:32,327 INFO 2757468535 Кластеризация команд выполнена
2025-04-01 21:56:03,207 INFO data_loader Started modul DataLoader
2025-04-01 21:56:04,622 INFO 2182463714 Служебные папки созданы
2025-04-01 21:56:04,634 INFO data_loader Данные успешно загружены
2025-04-01 21:56:12,594 INFO 2553661576 Предобработка данных завершена
2025-04-01 21:56:17,744 INFO 17191883 Графики EDA сохранены в visualizations/eda_plots.png
2025-04-01 21:56:18,143 INFO 17191883 EDA визуализации сохранены
2025-04-01 21:56:22,881 INFO 2757468535 Кластеризация команд выполнена
2025-04-01 21:56:51,945 INFO 3653094902 Служебные папки созданы
2025-04-01 21:56:51,962 INFO data_loader Данные успешно загружены
2025-04-01 21:56:59,750 INFO 2553661576 Предобработка данных завершена
2025-04-01 21:57:05,968 INFO 2553661576 Предобработка данных завершена
2025-04-01 21:57:11,368 INFO 17191883 Графики EDA сохранены в visualizations/eda_plots.png
2025-04-01 21:57:11,920 INFO 17191883 EDA визуализации сохранены
2025-04-01 21:57:17,520 INFO 2757468535 Кластеризация команд выполнена
2025-04-01 21:57:22,658 INFO 3828891823 Модель прогнозирования обучена
2025-04-01 21:59:09,965 INFO 636428248 Служебные папки созданы
2025-04-01 21:59:09,983 INFO data_loader Данные успешно загружены
2025-04-01 21:59:15,549 INFO 2553661576 Предобработка данных завершена
2025-04-01 21:59:20,464 INFO 17191883 Графики EDA сохранены в visualizations/eda_plots.png
2025-04-01 21:59:20,804 INFO 17191883 EDA визуализации сохранены
2025-04-01 21:59:26,736 INFO 2757468535 Кластеризация команд выполнена
2025-04-01 22:00:06,570 INFO 3828891823 Модель прогнозирования обучена
2025-04-01 22:00:11,425 INFO 1289705934 Поиск аномалий завершен
2025-04-01 22:07:16,144 INFO category Using categorical units to plot a list of strings that are all parsable as floats or dates. If these strings should be plotted as numbers, cast to the appropriate data type before plotting.
2025-04-01 22:07:16,147 INFO category Using categorical units to plot a list of strings that are all parsable as floats or dates. If these strings should be plotted as numbers, cast to the appropriate data type before plotting.
2025-04-01 22:07:16,537 INFO 627148331 Графики EDA сохранены в visualizations/eda_plots.png
2025-04-01 22:07:16,668 INFO 627148331 EDA визуализации сохранены
2025-04-01 22:08:53,384 INFO 17191883 Графики EDA сохранены в visualizations/eda_plots.png
2025-04-01 22:08:53,610 INFO 17191883 EDA визуализации сохранены
2025-04-01 22:13:24,221 INFO 1389041376 Графики EDA сохранены в visualizations/eda_plots.png
2025-04-01 22:13:24,449 INFO 1389041376 EDA визуализации сохранены
2025-04-01 22:14:38,585 INFO 489089862 Графики EDA сохранены в visualizations/eda_plots.png
2025-04-01 22:14:38,728 INFO 489089862 EDA визуализации сохранены
2025-04-01 22:17:27,513 INFO 1462823692 Графики сохранены в visualizations/eda_plots.png
2025-04-01 22:22:14,086 INFO 2930290257 Графики сохранены в visualizations/eda_plots.png
2025-04-01 22:35:55,710 INFO 1021627151 Графики сохранены в visualizations/eda_plots.png
2025-04-01 22:37:18,015 INFO 3295510718 Графики сохранены в visualizations/eda_plots.png
2025-04-01 22:50:20,070 INFO data_loader Started modul DataLoader
2025-04-01 22:50:21,696 INFO 636428248 Служебные папки созданы
2025-04-01 22:50:21,707 INFO data_loader Данные успешно загружены
2025-04-01 22:50:21,895 INFO 2553661576 Предобработка данных завершена
2025-04-01 22:50:22,844 INFO 3295510718 Графики сохранены в visualizations/eda_plots.png
2025-04-01 22:50:23,598 INFO 2757468535 Кластеризация команд выполнена
2025-04-01 22:50:23,933 INFO 3828891823 Модель прогнозирования обучена
2025-04-01 22:50:24,245 INFO 1289705934 Поиск аномалий завершен
2025-04-01 22:52:07,304 INFO 2757468535 Кластеризация команд выполнена
2025-04-01 23:08:37,147 INFO 3817699961 Кластеризация выполнена
2025-04-01 23:11:43,641 INFO 4034485397 Кластеризация выполнена
2025-04-01 23:12:42,112 INFO 3828891823 Модель прогнозирования обучена
2025-04-01 23:35:43,557 INFO 4210301068 Служебные папки созданы
2025-04-01 23:35:43,575 INFO data_loader Данные успешно загружены
2025-04-02 00:02:27,811 INFO data_loader Started modul DataLoader
2025-04-02 00:02:33,233 INFO 3525922935 Служебные папки созданы
2025-04-02 00:02:33,240 INFO data_loader Данные успешно загружены
2025-04-02 00:02:38,303 INFO 2553661576 Предобработка данных завершена
2025-04-02 00:02:45,045 INFO 3295510718 Графики сохранены в visualizations/eda_plots.png
2025-04-02 00:02:49,964 INFO 4034485397 Кластеризация выполнена
2025-04-02 00:15:59,478 INFO data_loader Started modul DataLoader
2025-04-02 00:16:00,776 INFO 1428362157 Служебные папки созданы
2025-04-02 00:16:00,783 INFO data_loader Данные успешно загружены
2025-04-02 00:16:00,953 INFO 2553661576 Предобработка данных завершена
2025-04-02 00:16:01,607 INFO 3295510718 Графики сохранены в visualizations/eda_plots.png
2025-04-02 00:16:02,510 INFO 4034485397 Кластеризация выполнена
2025-04-02 00:23:35,525 INFO 3163529914 Служебные папки созданы
2025-04-02 00:23:35,539 INFO data_loader Данные успешно загружены
2025-04-02 00:23:41,333 INFO 2553661576 Предобработка данных завершена
2025-04-02 00:23:45,081 INFO 3295510718 Графики сохранены в visualizations/eda_plots.png
2025-04-02 00:23:50,281 INFO 4034485397 Кластеризация выполнена
2025-04-02 01:02:28,151 INFO data_loader Started modul DataLoader
2025-04-02 01:02:28,916 INFO 3163529914 Служебные папки созданы
2025-04-02 01:02:28,923 INFO data_loader Данные успешно загружены
2025-04-02 01:02:45,831 INFO 2553661576 Предобработка данных завершена
2025-04-02 01:02:54,511 INFO 2553661576 Предобработка данных завершена
2025-04-02 01:02:59,524 INFO 3295510718 Графики сохранены в visualizations/eda_plots.png
2025-04-02 01:03:10,505 INFO 4034485397 Кластеризация выполнена
2025-04-02 13:21:53,770 INFO data_loader Started modul DataLoader
2025-04-02 13:22:00,962 INFO 3163529914 Служебные папки созданы
2025-04-02 13:22:00,974 INFO data_loader Данные успешно загружены
2025-04-02 13:30:15,046 INFO 4034485397 Кластеризация выполнена
2025-04-02 13:35:10,477 INFO 3163529914 Служебные папки созданы
2025-04-02 13:35:10,496 INFO data_loader Данные успешно загружены
2025-04-02 13:47:18,094 INFO data_loader Started modul DataLoader
2025-04-02 13:47:20,382 INFO 45990472 Служебные папки созданы
2025-04-02 13:47:20,389 INFO data_loader Данные успешно загружены
2025-04-02 13:47:20,573 INFO 2553661576 Предобработка данных завершена
2025-04-02 13:47:21,251 INFO 3295510718 Графики сохранены в visualizations/eda_plots.png
2025-04-02 13:47:22,090 INFO 4034485397 Кластеризация выполнена
2025-04-02 13:48:03,885 INFO 912212040 Служебные папки созданы
2025-04-02 13:48:03,895 INFO data_loader Данные успешно загружены
2025-04-02 13:49:32,675 INFO 1740783195 Служебные папки созданы
2025-04-02 13:49:32,687 INFO data_loader Данные успешно загружены
2025-04-02 13:51:46,374 INFO 2567486550 Служебные папки созданы
2025-04-02 13:51:46,383 INFO data_loader Данные успешно загружены
2025-04-02 13:57:06,589 INFO data_loader Started modul DataLoader
2025-04-02 13:57:07,407 INFO 3839424651 Служебные папки созданы
2025-04-02 13:57:07,414 INFO data_loader Данные успешно загружены
2025-04-02 13:58:01,750 INFO data_loader Started modul DataLoader
2025-04-02 13:58:02,657 INFO 3839424651 Служебные папки созданы
2025-04-02 13:58:02,665 INFO data_loader Данные успешно загружены
2025-04-02 14:01:58,429 INFO data_loader Started modul DataLoader
2025-04-02 14:01:59,419 INFO 101077918 Служебные папки созданы
2025-04-02 14:01:59,429 INFO data_loader Данные успешно загружены
2025-04-02 14:06:47,533 INFO 1915239134 Служебные папки созданы
2025-04-02 14:06:47,542 INFO data_loader Данные успешно загружены
2025-04-02 14:09:19,288 INFO 101077918 Служебные папки созданы
2025-04-02 14:09:19,301 INFO data_loader Данные успешно загружены
2025-04-02 14:11:21,017 INFO 736891658 Служебные папки созданы
2025-04-02 14:11:21,025 INFO data_loader Данные успешно загружены
2025-04-02 14:12:58,485 INFO 182149381 Служебные папки созданы
2025-04-02 14:12:58,495 INFO data_loader Данные успешно загружены
2025-04-02 14:14:41,974 INFO 2018528199 Служебные папки созданы
2025-04-02 14:14:41,985 INFO data_loader Данные успешно загружены
2025-04-02 14:14:41,985 INFO 2018528199 Данные успешно загружены
2025-04-02 14:14:42,760 INFO 2018528199 Данные успешно обработаны
2025-04-02 14:14:42,775 INFO 2018528199 Результаты сохранены в processed_data/processed_matches.csv
2025-04-02 14:18:28,716 INFO data_loader Started modul DataLoader
2025-04-02 14:18:29,540 INFO 2018528199 Служебные папки созданы
2025-04-02 14:18:29,547 INFO data_loader Данные успешно загружены
2025-04-02 14:18:29,547 INFO 2018528199 Данные успешно загружены
2025-04-02 14:18:30,914 INFO 2018528199 Данные успешно обработаны
2025-04-02 14:18:30,929 INFO 2018528199 Результаты сохранены в processed_data/processed_matches.csv
2025-04-02 14:22:03,731 INFO data_loader Started modul DataLoader
2025-04-02 14:22:04,599 INFO 3080140274 Служебные папки созданы
2025-04-02 14:22:04,606 INFO data_loader Данные успешно загружены
2025-04-02 14:22:04,606 INFO 3080140274 Данные успешно загружены
2025-04-02 14:22:06,031 INFO 3080140274 Данные успешно обработаны
2025-04-02 14:22:06,048 INFO 3080140274 Результаты сохранены в processed_data/processed_matches.csv
2025-04-02 14:22:06,105 INFO 2553661576 Предобработка данных завершена
2025-04-02 14:22:06,765 INFO 3295510718 Графики сохранены в visualizations/eda_plots.png
2025-04-02 14:22:07,584 INFO 4034485397 Кластеризация выполнена
2025-04-02 14:22:16,294 INFO 3080140274 Служебные папки созданы
2025-04-02 14:22:16,309 INFO data_loader Данные успешно загружены
2025-04-02 14:22:16,309 INFO 3080140274 Данные успешно загружены
2025-04-02 14:22:17,799 INFO 3080140274 Данные успешно обработаны
2025-04-02 14:22:17,814 INFO 3080140274 Результаты сохранены в processed_data/processed_matches.csv
2025-04-02 14:24:58,647 INFO data_loader Started modul DataLoader
2025-04-02 14:24:59,472 INFO 3080140274 Служебные папки созданы
2025-04-02 14:24:59,479 INFO data_loader Данные успешно загружены
2025-04-02 14:24:59,479 INFO 3080140274 Данные успешно загружены
2025-04-02 14:25:00,473 INFO 3080140274 Данные успешно обработаны
2025-04-02 14:25:00,491 INFO 3080140274 Результаты сохранены в processed_data/processed_matches.csv
2025-04-02 14:34:40,659 INFO data_loader Started modul DataLoader
2025-04-02 14:34:41,468 INFO 250729885 Служебные папки созданы
2025-04-02 14:34:41,474 INFO data_loader Данные успешно загружены
2025-04-02 14:34:41,474 INFO 250729885 Данные успешно загружены
2025-04-02 14:34:42,376 INFO 250729885 Данные успешно обработаны
2025-04-02 14:34:42,392 INFO 250729885 Результаты сохранены в processed_data/processed_matches.csv
2025-04-02 14:34:42,397 INFO visualizations Уникальные значения голов: [np.int64(0), np.int64(1), np.int64(2), np.int64(3), np.int64(4), np.int64(5), np.int64(6), np.int64(7), np.int64(8), np.int64(9)]
2025-04-02 14:34:42,398 INFO visualizations Наличие нечётных значений: Есть
2025-04-02 14:34:42,987 INFO visualizations Графики сохранены в visualizations/eda_plots.png
2025-04-02 14:40:36,926 INFO data_loader Started modul DataLoader
2025-04-02 14:40:37,830 INFO 250729885 Служебные папки созданы
2025-04-02 14:40:37,838 INFO data_loader Данные успешно загружены
2025-04-02 14:40:37,838 INFO 250729885 Данные успешно загружены
2025-04-02 14:40:38,788 INFO 250729885 Данные успешно обработаны
2025-04-02 14:40:38,804 INFO 250729885 Результаты сохранены в processed_data/processed_matches.csv
2025-04-02 14:40:38,809 INFO visualizations Уникальные значения голов: [np.int64(0), np.int64(1), np.int64(2), np.int64(3), np.int64(4), np.int64(5), np.int64(6), np.int64(7), np.int64(8), np.int64(9)]
2025-04-02 14:40:38,809 INFO visualizations Наличие нечётных значений: Есть
2025-04-02 14:40:39,706 INFO visualizations Графики сохранены в visualizations/eda_plots.png
2025-04-02 14:54:10,787 INFO data_loader Started modul DataLoader
2025-04-02 14:54:11,615 INFO 250729885 Служебные папки созданы
2025-04-02 14:54:11,621 INFO data_loader Данные успешно загружены
2025-04-02 14:54:11,621 INFO 250729885 Данные успешно загружены
2025-04-02 14:54:12,557 INFO 250729885 Данные успешно обработаны
2025-04-02 14:54:12,573 INFO 250729885 Результаты сохранены в processed_data/processed_matches.csv
2025-04-02 14:54:12,578 INFO visualizations Уникальные значения голов: [np.int64(0), np.int64(1), np.int64(2), np.int64(3), np.int64(4), np.int64(5), np.int64(6), np.int64(7), np.int64(8), np.int64(9)]
2025-04-02 14:54:12,579 INFO visualizations Наличие нечётных значений: Есть
2025-04-02 14:54:13,487 INFO visualizations Графики сохранены в visualizations/eda_plots.png
2025-04-02 14:59:56,966 INFO data_loader Started modul DataLoader
2025-04-02 14:59:57,843 INFO 250729885 Служебные папки созданы
2025-04-02 14:59:57,848 INFO data_loader Данные успешно загружены
2025-04-02 14:59:57,848 INFO 250729885 Данные успешно загружены
2025-04-02 14:59:58,698 INFO 250729885 Данные успешно обработаны
2025-04-02 14:59:58,714 INFO 250729885 Результаты сохранены в processed_data/processed_matches.csv
2025-04-02 14:59:58,720 INFO visualizations Уникальные значения голов: [np.int64(0), np.int64(1), np.int64(2), np.int64(3), np.int64(4), np.int64(5), np.int64(6), np.int64(7), np.int64(8), np.int64(9)]
2025-04-02 14:59:58,720 INFO visualizations Наличие нечётных значений: Есть
2025-04-02 14:59:59,521 INFO visualizations Графики сохранены в visualizations/eda_plots.png
2025-04-02 15:22:40,987 INFO data_loader Started modul DataLoader
2025-04-02 15:22:41,884 INFO 250729885 Служебные папки созданы
2025-04-02 15:22:41,891 INFO data_loader Данные успешно загружены
2025-04-02 15:22:41,891 INFO 250729885 Данные успешно загружены
2025-04-02 15:22:49,551 INFO 250729885 Служебные папки созданы
2025-04-02 15:22:49,560 INFO data_loader Данные успешно загружены
2025-04-02 15:22:49,560 INFO 250729885 Данные успешно загружены
2025-04-02 15:27:01,915 INFO data_loader Started modul DataLoader
2025-04-02 15:27:02,775 INFO 250729885 Служебные папки созданы
2025-04-02 15:27:02,782 INFO data_loader Данные успешно загружены
2025-04-02 15:27:02,782 INFO 250729885 Данные успешно загружены
2025-04-02 15:27:03,771 INFO 250729885 Данные успешно обработаны
2025-04-02 15:27:03,788 INFO 250729885 Результаты сохранены в processed_data/processed_matches.csv
2025-04-02 15:27:03,794 INFO visualizations Уникальные значения голов: [np.int64(0), np.int64(1), np.int64(2), np.int64(3), np.int64(4), np.int64(5), np.int64(6), np.int64(7), np.int64(8), np.int64(9)]
2025-04-02 15:27:03,795 INFO visualizations Наличие нечётных значений: Есть
2025-04-02 15:27:04,687 INFO visualizations Графики сохранены в visualizations/eda_plots.png
2025-04-02 15:29:05,155 INFO data_loader Started modul DataLoader
2025-04-02 15:29:06,161 INFO 250729885 Служебные папки созданы
2025-04-02 15:29:06,167 INFO data_loader Данные успешно загружены
2025-04-02 15:29:06,168 INFO 250729885 Данные успешно загружены
2025-04-02 15:29:07,300 INFO 250729885 Данные успешно обработаны
2025-04-02 15:29:07,319 INFO 250729885 Результаты сохранены в processed_data/processed_matches.csv
2025-04-02 15:29:07,331 INFO visualizations Уникальные значения голов: [np.int64(0), np.int64(1), np.int64(2), np.int64(3), np.int64(4), np.int64(5), np.int64(6), np.int64(7), np.int64(8), np.int64(9)]
2025-04-02 15:29:07,331 INFO visualizations Наличие нечётных значений: Есть
2025-04-02 15:29:08,594 INFO visualizations Графики сохранены в visualizations/eda_plots.png
2025-04-02 15:29:46,927 INFO data_loader Started modul DataLoader
2025-04-02 15:29:47,691 INFO 250729885 Служебные папки созданы
2025-04-02 15:29:47,697 INFO data_loader Данные успешно загружены
2025-04-02 15:29:47,697 INFO 250729885 Данные успешно загружены
2025-04-02 15:29:48,598 INFO 250729885 Данные успешно обработаны
2025-04-02 15:29:48,614 INFO 250729885 Результаты сохранены в processed_data/processed_matches.csv
2025-04-02 15:29:48,618 INFO visualizations Уникальные значения голов: [np.int64(0), np.int64(1), np.int64(2), np.int64(3), np.int64(4), np.int64(5), np.int64(6), np.int64(7), np.int64(8), np.int64(9)]
2025-04-02 15:29:48,618 INFO visualizations Наличие нечётных значений: Есть
2025-04-02 15:29:49,695 INFO visualizations Графики сохранены в visualizations/eda_plots.png
2025-04-02 15:37:39,926 INFO data_loader Started modul DataLoader
2025-04-02 15:37:40,734 INFO 250729885 Служебные папки созданы
2025-04-02 15:37:40,740 INFO data_loader Данные успешно загружены
2025-04-02 15:37:40,740 INFO 250729885 Данные успешно загружены
2025-04-02 15:39:39,140 INFO data_loader Started modul DataLoader
2025-04-02 15:39:39,982 INFO 250729885 Служебные папки созданы
2025-04-02 15:39:39,990 INFO data_loader Данные успешно загружены
2025-04-02 15:39:39,990 INFO 250729885 Данные успешно загружены
2025-04-02 15:39:40,930 INFO 250729885 Данные успешно обработаны
2025-04-02 15:43:29,184 INFO 250729885 Служебные папки созданы
2025-04-02 15:43:29,194 INFO data_loader Данные успешно загружены
2025-04-02 15:43:29,194 INFO 250729885 Данные успешно загружены
2025-04-02 15:43:30,163 INFO 250729885 Данные успешно обработаны
2025-04-02 15:43:30,179 INFO 250729885 Результаты сохранены в processed_data/processed_matches.csv
2025-04-02 15:43:30,183 INFO visualizations Уникальные значения голов: [np.int64(0), np.int64(1), np.int64(2), np.int64(3), np.int64(4), np.int64(5), np.int64(6), np.int64(7), np.int64(8), np.int64(9)]
2025-04-02 15:43:30,183 INFO visualizations Наличие нечётных значений: Есть
2025-04-02 15:43:31,029 INFO visualizations Графики сохранены в visualizations/eda_plots.png
2025-04-02 15:44:24,994 INFO data_loader Started modul DataLoader
2025-04-02 15:44:26,016 INFO 250729885 Служебные папки созданы
2025-04-02 15:44:26,022 INFO data_loader Данные успешно загружены
2025-04-02 15:44:26,022 INFO 250729885 Данные успешно загружены
2025-04-02 15:44:27,130 INFO 250729885 Данные успешно обработаны
2025-04-02 15:44:27,149 INFO 250729885 Результаты сохранены в processed_data/processed_matches.csv
2025-04-02 15:44:27,154 INFO visualizations Уникальные значения голов: [np.int64(0), np.int64(1), np.int64(2), np.int64(3), np.int64(4), np.int64(5), np.int64(6), np.int64(7), np.int64(8), np.int64(9)]
2025-04-02 15:44:27,154 INFO visualizations Наличие нечётных значений: Есть
2025-04-02 15:44:28,166 INFO visualizations Графики сохранены в visualizations/eda_plots.png
2025-04-02 15:47:16,100 INFO data_loader Started modul DataLoader
2025-04-02 15:47:16,947 INFO 250729885 Служебные папки созданы
2025-04-02 15:47:16,955 INFO data_loader Данные успешно загружены
2025-04-02 15:47:16,955 INFO 250729885 Данные успешно загружены
2025-04-02 15:47:17,913 INFO 250729885 Данные успешно обработаны
2025-04-02 15:47:17,931 INFO 250729885 Результаты сохранены в processed_data/processed_matches.csv
2025-04-02 15:47:17,937 INFO visualizations Уникальные значения голов: [np.int64(0), np.int64(1), np.int64(2), np.int64(3), np.int64(4), np.int64(5), np.int64(6), np.int64(7), np.int64(8), np.int64(9)]
2025-04-02 15:47:17,937 INFO visualizations Наличие нечётных значений: Есть
2025-04-02 15:47:18,623 INFO visualizations Графики сохранены в visualizations/eda_plots.png
2025-04-02 15:47:19,151 INFO visualizations График сравнений команд сохранен в visualizations/team_ratings.png
2025-04-02 15:48:35,809 INFO 3295510718 Графики сохранены в visualizations/eda_plots.png
2025-04-02 15:49:36,751 INFO 4034485397 Кластеризация выполнена
2025-04-02 16:08:33,409 INFO 2248890507 Данные разделены на train/test
2025-04-02 16:08:59,876 INFO 3401779666 Random Forest: MSE = 0.02, R2 = 0.99
2025-04-02 17:00:22,718 INFO 2662383661 Служебные папки созданы
2025-04-02 17:00:22,730 INFO data_loader Данные успешно загружены
2025-04-02 17:00:22,731 INFO 2662383661 Данные успешно загружены
2025-04-02 17:00:23,779 INFO 2662383661 Данные успешно обработаны
2025-04-02 17:00:23,798 INFO 2662383661 Результаты сохранены в processed_data/processed_matches.csv
2025-04-02 17:00:23,807 INFO visualizations Уникальные значения голов: [np.int64(0), np.int64(1), np.int64(2), np.int64(3), np.int64(4), np.int64(5), np.int64(6), np.int64(7), np.int64(8), np.int64(9)]
2025-04-02 17:00:23,807 INFO visualizations Наличие нечётных значений: Есть
2025-04-02 17:00:24,563 INFO visualizations Графики сохранены в visualizations/eda_plots.png
2025-04-02 17:00:25,157 INFO visualizations График сравнений команд сохранен в visualizations/team_ratings.png
2025-04-02 17:01:08,925 INFO 2735194290 Служебные папки созданы
2025-04-02 17:01:08,938 INFO data_loader Данные успешно загружены
2025-04-02 17:01:08,938 INFO 2735194290 Данные успешно загружены
2025-04-02 17:01:09,906 INFO 2735194290 Данные успешно обработаны
2025-04-02 17:01:09,925 INFO 2735194290 Результаты сохранены в processed_data/processed_matches.csv
2025-04-02 17:01:09,930 INFO visualizations Уникальные значения голов: [np.int64(0), np.int64(1), np.int64(2), np.int64(3), np.int64(4), np.int64(5), np.int64(6), np.int64(7), np.int64(8), np.int64(9)]
2025-04-02 17:01:09,930 INFO visualizations Наличие нечётных значений: Есть
2025-04-02 17:01:11,097 INFO visualizations Графики сохранены в visualizations/eda_plots.png
2025-04-02 17:01:11,678 INFO visualizations График сравнений команд сохранен в visualizations/team_ratings.png
2025-04-02 19:23:59,313 INFO data_loader Started modul DataLoader
2025-04-02 19:24:01,077 INFO 2735194290 Служебные папки созданы
2025-04-02 19:24:01,088 INFO data_loader Данные успешно загружены
2025-04-02 19:24:01,088 INFO 2735194290 Данные успешно загружены
2025-04-02 19:24:02,754 INFO 2735194290 Данные успешно обработаны
2025-04-02 19:24:02,817 INFO 2735194290 Результаты сохранены в processed_data/processed_matches.csv
2025-04-02 19:24:02,833 INFO visualizations Уникальные значения голов: [np.int64(0), np.int64(1), np.int64(2), np.int64(3), np.int64(4), np.int64(5), np.int64(6), np.int64(7), np.int64(8), np.int64(9)]
2025-04-02 19:24:02,833 INFO visualizations Наличие нечётных значений: Есть
2025-04-02 19:24:05,155 INFO visualizations Графики сохранены в visualizations/eda_plots.png
2025-04-02 19:24:06,650 INFO visualizations График сравнений команд сохранен в visualizations/team_ratings.png
2025-04-02 20:19:14,110 INFO 2973881097 Служебные папки созданы
2025-04-02 20:19:14,131 INFO data_loader Данные успешно загружены
2025-04-02 20:19:14,132 INFO 2973881097 Данные успешно загружены
2025-04-02 20:19:15,959 INFO 2973881097 Данные успешно обработаны
2025-04-02 20:19:38,468 INFO 2973881097 Служебные папки созданы
2025-04-02 20:19:38,486 INFO data_loader Данные успешно загружены
2025-04-02 20:19:38,486 INFO 2973881097 Данные успешно загружены
2025-04-02 20:19:40,730 INFO 2973881097 Данные успешно обработаны
2025-04-02 20:19:40,779 INFO 2973881097 Результаты сохранены в processed_data/processed_matches.csv
2025-04-02 20:19:40,794 INFO visualizations Уникальные значения голов: [np.int64(0), np.int64(1), np.int64(2), np.int64(3), np.int64(4), np.int64(5), np.int64(6), np.int64(7), np.int64(8), np.int64(9)]
2025-04-02 20:19:40,794 INFO visualizations Наличие нечётных значений: Есть
2025-04-02 20:19:42,471 INFO visualizations Графики сохранены в visualizations/eda_plots.png
2025-04-02 20:19:43,332 INFO visualizations График сравнений команд сохранен в visualizations/team_ratings.png
2025-04-02 20:21:58,539 INFO 3904501566 Служебные папки созданы
2025-04-02 20:21:58,563 INFO data_loader Данные успешно загружены
2025-04-02 20:21:58,564 INFO 3904501566 Данные успешно загружены
2025-04-02 20:22:00,399 INFO 3904501566 Данные успешно обработаны
2025-04-02 20:22:00,428 INFO 3904501566 Результаты сохранены в processed_data/processed_matches.csv
2025-04-02 20:22:00,436 INFO visualizations Уникальные значения голов: [np.int64(0), np.int64(1), np.int64(2), np.int64(3), np.int64(4), np.int64(5), np.int64(6), np.int64(7), np.int64(8), np.int64(9)]
2025-04-02 20:22:00,437 INFO visualizations Наличие нечётных значений: Есть
2025-04-02 20:22:01,664 INFO visualizations Графики сохранены в visualizations/eda_plots.png
2025-04-02 20:22:02,646 INFO visualizations График сравнений команд сохранен в visualizations/team_ratings.png
2025-04-02 20:23:28,890 INFO 3061562764 Служебные папки созданы
2025-04-02 20:23:28,926 INFO data_loader Данные успешно загружены
2025-04-02 20:23:28,927 INFO 3061562764 Данные успешно загружены
2025-04-02 20:23:33,682 INFO 3061562764 Данные успешно обработаны
2025-04-02 20:23:33,717 INFO 3061562764 Результаты сохранены в processed_data/processed_matches.csv
2025-04-02 20:23:33,725 INFO visualizations Уникальные значения голов: [np.int64(0), np.int64(1), np.int64(2), np.int64(3), np.int64(4), np.int64(5), np.int64(6), np.int64(7), np.int64(8), np.int64(9)]
2025-04-02 20:23:33,726 INFO visualizations Наличие нечётных значений: Есть
2025-04-02 20:23:36,029 INFO visualizations Графики сохранены в visualizations/eda_plots.png
2025-04-02 20:23:37,385 INFO visualizations График сравнений команд сохранен в visualizations/team_ratings.png
2025-04-02 20:44:02,969 INFO 51153366 Служебные папки созданы
2025-04-02 20:44:02,979 INFO data_loader Данные успешно загружены
2025-04-02 20:44:02,980 INFO 51153366 Данные успешно загружены
2025-04-02 20:44:04,163 INFO 51153366 Данные успешно обработаны
2025-04-02 20:44:04,180 INFO 51153366 Результаты сохранены в processed_data/processed_matches.csv
2025-04-02 20:44:04,184 INFO visualizations Уникальные значения голов: [np.int64(0), np.int64(1), np.int64(2), np.int64(3), np.int64(4), np.int64(5), np.int64(6), np.int64(7), np.int64(8), np.int64(9)]
2025-04-02 20:44:04,184 INFO visualizations Наличие нечётных значений: Есть
2025-04-02 20:44:04,794 INFO visualizations Графики сохранены в visualizations/eda_plots.png
2025-04-02 20:44:05,261 INFO visualizations График сравнений команд сохранен в visualizations/team_ratings.png
2025-04-02 21:28:08,658 INFO 51153366 Служебные папки созданы
2025-04-02 21:28:08,671 INFO data_loader Данные успешно загружены
2025-04-02 21:28:08,672 INFO 51153366 Данные успешно загружены
2025-04-02 21:28:09,607 INFO 51153366 Данные успешно обработаны
2025-04-02 21:28:09,622 INFO 51153366 Результаты сохранены в processed_data/processed_matches.csv
2025-04-02 21:28:09,626 INFO visualizations Уникальные значения голов: [np.int64(0), np.int64(1), np.int64(2), np.int64(3), np.int64(4), np.int64(5), np.int64(6), np.int64(7), np.int64(8), np.int64(9)]
2025-04-02 21:28:09,626 INFO visualizations Наличие нечётных значений: Есть
2025-04-02 21:28:10,216 INFO visualizations Графики сохранены в visualizations/eda_plots.png
2025-04-02 21:28:10,687 INFO visualizations График сравнений команд сохранен в visualizations/team_ratings.png
2025-04-02 21:29:47,330 INFO data_loader Started modul DataLoader
2025-04-02 21:29:49,888 INFO 51153366 Служебные папки созданы
2025-04-02 21:29:49,895 INFO data_loader Данные успешно загружены
2025-04-02 21:29:49,895 INFO 51153366 Данные успешно загружены
2025-04-02 21:29:50,814 INFO 51153366 Данные успешно обработаны
2025-04-02 21:29:50,838 INFO 51153366 Результаты сохранены в processed_data/processed_matches.csv
2025-04-02 21:29:50,844 INFO visualizations Уникальные значения голов: [np.int64(0), np.int64(1), np.int64(2), np.int64(3), np.int64(4), np.int64(5), np.int64(6), np.int64(7), np.int64(8), np.int64(9)]
2025-04-02 21:29:50,844 INFO visualizations Наличие нечётных значений: Есть
2025-04-02 21:29:51,646 INFO visualizations Графики сохранены в visualizations/eda_plots.png
2025-04-02 21:29:52,247 INFO visualizations График сравнений команд сохранен в visualizations/team_ratings.png
2025-04-02 21:31:23,031 INFO 980694484 Служебные папки созданы
2025-04-02 21:31:23,040 INFO data_loader Данные успешно загружены
2025-04-02 21:31:23,041 INFO 980694484 Данные успешно загружены
2025-04-02 21:31:23,986 INFO 980694484 Данные успешно обработаны
2025-04-02 21:31:24,001 INFO 980694484 Результаты сохранены в processed_data/processed_matches.csv
2025-04-02 21:31:24,006 INFO visualizations Уникальные значения голов: [np.int64(0), np.int64(1), np.int64(2), np.int64(3), np.int64(4), np.int64(5), np.int64(6), np.int64(7), np.int64(8), np.int64(9)]
2025-04-02 21:31:24,006 INFO visualizations Наличие нечётных значений: Есть
2025-04-02 21:31:24,602 INFO visualizations Графики сохранены в visualizations/eda_plots.png
2025-04-02 21:31:25,109 INFO visualizations График сравнений команд сохранен в visualizations/team_ratings.png
2025-04-02 21:59:24,249 INFO category Using categorical units to plot a list of strings that are all parsable as floats or dates. If these strings should be plotted as numbers, cast to the appropriate data type before plotting.
2025-04-02 21:59:24,252 INFO category Using categorical units to plot a list of strings that are all parsable as floats or dates. If these strings should be plotted as numbers, cast to the appropriate data type before plotting.
2025-04-02 22:06:41,852 INFO data_loader Started modul DataLoader
2025-04-02 22:09:25,875 INFO data_loader Started modul DataLoader
2025-04-02 22:09:26,694 INFO 980694484 Служебные папки созданы
2025-04-02 22:09:26,701 INFO data_loader Данные успешно загружены
2025-04-02 22:09:26,701 INFO 980694484 Данные успешно загружены
2025-04-02 22:11:34,036 INFO data_loader Started modul DataLoader
2025-04-02 22:11:34,848 INFO 980694484 Служебные папки созданы
2025-04-02 22:11:34,854 INFO data_loader Данные успешно загружены
2025-04-02 22:11:34,854 INFO 980694484 Данные успешно загружены
2025-04-02 22:11:35,907 INFO 980694484 Данные успешно обработаны
2025-04-02 22:11:35,923 INFO 980694484 Результаты сохранены в processed_data/processed_matches.csv
2025-04-02 22:11:35,928 INFO visualizations Уникальные значения голов: [np.int64(0), np.int64(1), np.int64(2), np.int64(3), np.int64(4), np.int64(5), np.int64(6), np.int64(7), np.int64(8), np.int64(9)]
2025-04-02 22:11:35,928 INFO visualizations Наличие нечётных значений: Есть
2025-04-02 22:11:36,539 INFO visualizations Графики сохранены в visualizations/eda_plots.png
2025-04-02 22:11:37,026 INFO visualizations График сравнений команд сохранен в visualizations/team_ratings.png
2025-04-02 22:12:28,399 INFO category Using categorical units to plot a list of strings that are all parsable as floats or dates. If these strings should be plotted as numbers, cast to the appropriate data type before plotting.
2025-04-02 22:12:28,402 INFO category Using categorical units to plot a list of strings that are all parsable as floats or dates. If these strings should be plotted as numbers, cast to the appropriate data type before plotting.
2025-04-02 22:18:26,836 INFO category Using categorical units to plot a list of strings that are all parsable as floats or dates. If these strings should be plotted as numbers, cast to the appropriate data type before plotting.
2025-04-02 22:18:26,838 INFO category Using categorical units to plot a list of strings that are all parsable as floats or dates. If these strings should be plotted as numbers, cast to the appropriate data type before plotting.
2025-04-02 22:27:20,123 INFO 823475122 Служебные папки созданы
2025-04-02 22:27:20,131 INFO data_loader Данные успешно загружены
2025-04-02 22:27:20,131 INFO 823475122 Данные успешно загружены
2025-04-02 22:27:21,285 INFO 823475122 Данные успешно обработаны
2025-04-02 22:27:21,301 INFO 823475122 Результаты сохранены в processed_data/processed_matches.csv
2025-04-02 22:27:21,305 INFO visualizations Уникальные значения голов: [np.int64(0), np.int64(1), np.int64(2), np.int64(3), np.int64(4), np.int64(5), np.int64(6), np.int64(7), np.int64(8), np.int64(9)]
2025-04-02 22:27:21,306 INFO visualizations Наличие нечётных значений: Есть
2025-04-02 22:27:21,954 INFO visualizations Графики сохранены в visualizations/eda_plots.png
2025-04-02 22:27:22,440 INFO visualizations График сравнений команд сохранен в visualizations/team_ratings.png
2025-04-02 22:32:34,685 INFO data_loader Started modul DataLoader
2025-04-02 22:32:35,743 INFO 823475122 Служебные папки созданы
2025-04-02 22:32:35,749 INFO data_loader Данные успешно загружены
2025-04-02 22:32:35,749 INFO 823475122 Данные успешно загружены
2025-04-02 22:32:38,249 INFO 823475122 Данные успешно обработаны
2025-04-02 22:32:38,269 INFO 823475122 Результаты сохранены в processed_data/processed_matches.csv
2025-04-02 22:32:38,275 INFO visualizations Уникальные значения голов: [np.int64(0), np.int64(1), np.int64(2), np.int64(3), np.int64(4), np.int64(5), np.int64(6), np.int64(7), np.int64(8), np.int64(9)]
2025-04-02 22:32:38,276 INFO visualizations Наличие нечётных значений: Есть
2025-04-02 22:32:38,951 INFO visualizations Графики сохранены в visualizations/eda_plots.png
2025-04-02 22:32:39,532 INFO visualizations График сравнений команд сохранен в visualizations/team_ratings.png
2025-04-02 22:39:09,785 INFO category Using categorical units to plot a list of strings that are all parsable as floats or dates. If these strings should be plotted as numbers, cast to the appropriate data type before plotting.
2025-04-02 22:39:09,788 INFO category Using categorical units to plot a list of strings that are all parsable as floats or dates. If these strings should be plotted as numbers, cast to the appropriate data type before plotting.
2025-04-02 22:43:00,461 INFO 1588340130 Служебные папки созданы
2025-04-02 22:43:00,471 INFO data_loader Данные успешно загружены
2025-04-02 22:43:00,471 INFO 1588340130 Данные успешно загружены
2025-04-02 22:43:03,200 INFO 1588340130 Данные успешно обработаны
2025-04-02 22:43:03,217 INFO 1588340130 Результаты сохранены в processed_data/processed_matches.csv
2025-04-02 22:43:03,222 INFO visualizations Уникальные значения голов: [np.int64(0), np.int64(1), np.int64(2), np.int64(3), np.int64(4), np.int64(5), np.int64(6), np.int64(7), np.int64(8), np.int64(9)]
2025-04-02 22:43:03,222 INFO visualizations Наличие нечётных значений: Есть
2025-04-02 22:43:03,807 INFO visualizations Графики сохранены в visualizations/eda_plots.png
2025-04-02 22:43:04,303 INFO visualizations График сравнений команд сохранен в visualizations/team_ratings.png
2025-04-02 22:44:44,565 INFO 4001438534 Служебные папки созданы
2025-04-02 22:44:44,572 INFO data_loader Данные успешно загружены
2025-04-02 22:44:44,572 INFO 4001438534 Данные успешно загружены
2025-04-02 22:44:47,074 INFO 4001438534 Данные успешно обработаны
2025-04-02 22:44:47,092 INFO 4001438534 Результаты сохранены в processed_data/processed_matches.csv
2025-04-02 22:44:47,097 INFO visualizations Уникальные значения голов: [np.int64(0), np.int64(1), np.int64(2), np.int64(3), np.int64(4), np.int64(5), np.int64(6), np.int64(7), np.int64(8), np.int64(9)]
2025-04-02 22:44:47,097 INFO visualizations Наличие нечётных значений: Есть
2025-04-02 22:44:47,783 INFO visualizations Графики сохранены в visualizations/eda_plots.png
2025-04-02 22:44:48,387 INFO visualizations График сравнений команд сохранен в visualizations/team_ratings.png
2025-04-02 22:57:41,457 INFO 4001438534 Служебные папки созданы
2025-04-02 22:57:41,464 INFO data_loader Данные успешно загружены
2025-04-02 22:57:41,464 INFO 4001438534 Данные успешно загружены
2025-04-02 22:57:43,781 INFO 4001438534 Данные успешно обработаны
2025-04-02 22:57:43,797 INFO 4001438534 Результаты сохранены в processed_data/processed_matches.csv
2025-04-02 22:57:43,802 INFO visualizations Уникальные значения голов: [np.int64(0), np.int64(1), np.int64(2), np.int64(3), np.int64(4), np.int64(5), np.int64(6), np.int64(7), np.int64(8), np.int64(9)]
2025-04-02 22:57:43,802 INFO visualizations Наличие нечётных значений: Есть
2025-04-02 22:57:44,397 INFO visualizations Графики сохранены в visualizations/eda_plots.png
2025-04-02 22:57:44,876 INFO visualizations График сравнений команд сохранен в visualizations/team_ratings.png
2025-04-02 22:57:59,256 INFO data_loader Started modul DataLoader
2025-04-02 22:58:00,359 INFO 4001438534 Служебные папки созданы
2025-04-02 22:58:00,366 INFO data_loader Данные успешно загружены
2025-04-02 22:58:00,366 INFO 4001438534 Данные успешно загружены
2025-04-02 22:58:03,030 INFO 4001438534 Данные успешно обработаны
2025-04-02 22:58:03,050 INFO 4001438534 Результаты сохранены в processed_data/processed_matches.csv
2025-04-02 22:58:03,056 INFO visualizations Уникальные значения голов: [np.int64(0), np.int64(1), np.int64(2), np.int64(3), np.int64(4), np.int64(5), np.int64(6), np.int64(7), np.int64(8), np.int64(9)]
2025-04-02 22:58:03,057 INFO visualizations Наличие нечётных значений: Есть
2025-04-02 22:58:03,754 INFO visualizations Графики сохранены в visualizations/eda_plots.png
2025-04-02 22:58:04,288 INFO visualizations График сравнений команд сохранен в visualizations/team_ratings.png
2025-04-02 23:33:09,314 INFO 1272595505 Служебные папки созданы
2025-04-02 23:33:09,321 INFO data_loader Данные успешно загружены
2025-04-02 23:33:09,321 INFO 1272595505 Данные успешно загружены
2025-04-02 23:33:12,124 INFO 1272595505 Данные успешно обработаны
2025-04-02 23:33:12,143 INFO 1272595505 Результаты сохранены в processed_data/processed_matches.csv
2025-04-02 23:33:12,149 INFO visualizations Уникальные значения голов: [np.int64(0), np.int64(1), np.int64(2), np.int64(3), np.int64(4), np.int64(5), np.int64(6), np.int64(7), np.int64(8), np.int64(9)]
2025-04-02 23:33:12,149 INFO visualizations Наличие нечётных значений: Есть
2025-04-02 23:33:12,844 INFO visualizations Графики сохранены в visualizations/eda_plots.png
2025-04-02 23:33:13,419 INFO visualizations График сравнений команд сохранен в visualizations/team_ratings.png
2025-04-02 23:44:25,545 INFO 1272595505 Служебные папки созданы
2025-04-02 23:44:25,559 INFO data_loader Данные успешно загружены
2025-04-02 23:44:25,560 INFO 1272595505 Данные успешно загружены
2025-04-02 23:44:27,873 INFO 1272595505 Данные успешно обработаны
2025-04-02 23:44:27,890 INFO 1272595505 Результаты сохранены в processed_data/processed_matches.csv
2025-04-02 23:44:27,894 INFO visualizations Уникальные значения голов: [np.int64(0), np.int64(1), np.int64(2), np.int64(3), np.int64(4), np.int64(5), np.int64(6), np.int64(7), np.int64(8), np.int64(9)]
2025-04-02 23:44:27,895 INFO visualizations Наличие нечётных значений: Есть
2025-04-02 23:44:28,485 INFO visualizations Графики сохранены в visualizations/eda_plots.png
2025-04-02 23:44:29,001 INFO visualizations График сравнений команд сохранен в visualizations/team_ratings.png
2025-04-03 00:08:08,470 INFO 4001438534 Служебные папки созданы
2025-04-03 00:08:08,480 INFO data_loader Данные успешно загружены
2025-04-03 00:08:08,480 INFO 4001438534 Данные успешно загружены
2025-04-03 00:08:10,967 INFO 4001438534 Данные успешно обработаны
2025-04-03 00:08:10,985 INFO 4001438534 Результаты сохранены в processed_data/processed_matches.csv
2025-04-03 00:08:10,989 INFO visualizations Уникальные значения голов: [np.int64(0), np.int64(1), np.int64(2), np.int64(3), np.int64(4), np.int64(5), np.int64(6), np.int64(7), np.int64(8), np.int64(9)]
2025-04-03 00:08:10,989 INFO visualizations Наличие нечётных значений: Есть
2025-04-03 00:08:11,587 INFO visualizations Графики сохранены в visualizations/eda_plots.png
2025-04-03 00:08:12,059 INFO visualizations График сравнений команд сохранен в visualizations/team_ratings.png
2025-04-03 00:09:25,368 INFO category Using categorical units to plot a list of strings that are all parsable as floats or dates. If these strings should be plotted as numbers, cast to the appropriate data type before plotting.
2025-04-03 00:09:25,371 INFO category Using categorical units to plot a list of strings that are all parsable as floats or dates. If these strings should be plotted as numbers, cast to the appropriate data type before plotting.
2025-04-03 00:26:48,878 INFO 4001438534 Служебные папки созданы
2025-04-03 00:26:48,887 INFO data_loader Данные успешно загружены
2025-04-03 00:26:48,887 INFO 4001438534 Данные успешно загружены
2025-04-03 00:26:51,376 INFO 4001438534 Данные успешно обработаны
2025-04-03 00:26:51,394 INFO 4001438534 Результаты сохранены в processed_data/processed_matches.csv
2025-04-03 00:26:51,398 INFO visualizations Уникальные значения голов: [np.int64(0), np.int64(1), np.int64(2), np.int64(3), np.int64(4), np.int64(5), np.int64(6), np.int64(7), np.int64(8), np.int64(9)]
2025-04-03 00:26:51,398 INFO visualizations Наличие нечётных значений: Есть
2025-04-03 00:26:51,976 INFO visualizations Графики сохранены в visualizations/eda_plots.png
2025-04-03 00:26:52,438 INFO visualizations График сравнений команд сохранен в visualizations/team_ratings.png
2025-04-03 00:29:04,738 INFO 3401207644 Служебные папки созданы
2025-04-03 00:29:04,753 INFO data_loader Данные успешно загружены
2025-04-03 00:29:04,754 INFO 3401207644 Данные успешно загружены
2025-04-03 00:29:07,207 INFO 3401207644 Данные успешно обработаны
2025-04-03 00:29:07,223 INFO 3401207644 Результаты сохранены в processed_data/processed_matches.csv
2025-04-03 00:29:07,227 INFO visualizations Уникальные значения голов: [np.int64(0), np.int64(1), np.int64(2), np.int64(3), np.int64(4), np.int64(5), np.int64(6), np.int64(7), np.int64(8), np.int64(9)]
2025-04-03 00:29:07,228 INFO visualizations Наличие нечётных значений: Есть
2025-04-03 00:29:07,966 INFO visualizations Графики сохранены в visualizations/eda_plots.png
2025-04-03 00:29:08,551 INFO visualizations График сравнений команд сохранен в visualizations/team_ratings.png
2025-04-03 09:30:48,936 INFO data_loader Started modul DataLoader
2025-04-03 09:30:56,252 INFO 2217234819 Служебные папки созданы
2025-04-03 09:30:56,263 ERROR data_loader Ошибка при загрузке CSV: Error tokenizing data. C error: Expected 106 fields in line 1522, saw 120
Traceback (most recent call last):
  File "d:\git\Data-Scientist\final project\data_loader.py", line 16, in load_csv
    data = pd.read_csv(file_path)
  File "C:\Users\a.kozak\AppData\Local\Packages\PythonSoftwareFoundation.Python.3.13_qbz5n2kfra8p0\LocalCache\local-packages\Python313\site-packages\pandas\io\parsers\readers.py", line 1026, in read_csv
    return _read(filepath_or_buffer, kwds)
  File "C:\Users\a.kozak\AppData\Local\Packages\PythonSoftwareFoundation.Python.3.13_qbz5n2kfra8p0\LocalCache\local-packages\Python313\site-packages\pandas\io\parsers\readers.py", line 626, in _read
    return parser.read(nrows)
           ~~~~~~~~~~~^^^^^^^
  File "C:\Users\a.kozak\AppData\Local\Packages\PythonSoftwareFoundation.Python.3.13_qbz5n2kfra8p0\LocalCache\local-packages\Python313\site-packages\pandas\io\parsers\readers.py", line 1923, in read
    ) = self._engine.read(  # type: ignore[attr-defined]
        ~~~~~~~~~~~~~~~~~^^^^^^^^^^^^^^^^^^^^^^^^^^^^^^^
        nrows
        ^^^^^
    )
    ^
  File "C:\Users\a.kozak\AppData\Local\Packages\PythonSoftwareFoundation.Python.3.13_qbz5n2kfra8p0\LocalCache\local-packages\Python313\site-packages\pandas\io\parsers\c_parser_wrapper.py", line 234, in read
    chunks = self._reader.read_low_memory(nrows)
  File "parsers.pyx", line 838, in pandas._libs.parsers.TextReader.read_low_memory
  File "parsers.pyx", line 905, in pandas._libs.parsers.TextReader._read_rows
  File "parsers.pyx", line 874, in pandas._libs.parsers.TextReader._tokenize_rows
  File "parsers.pyx", line 891, in pandas._libs.parsers.TextReader._check_tokenize_status
  File "parsers.pyx", line 2061, in pandas._libs.parsers.raise_parser_error
pandas.errors.ParserError: Error tokenizing data. C error: Expected 106 fields in line 1522, saw 120

2025-04-03 09:30:56,275 INFO 2217234819 Данные успешно загружены
2025-04-03 09:31:24,573 INFO 3401207644 Служебные папки созданы
2025-04-03 09:31:24,610 INFO data_loader Данные успешно загружены
2025-04-03 09:31:24,610 INFO 3401207644 Данные успешно загружены
2025-04-03 09:31:29,761 INFO 3401207644 Данные успешно обработаны
2025-04-03 09:31:29,806 INFO 3401207644 Результаты сохранены в processed_data/processed_matches.csv
2025-04-03 09:31:29,816 INFO visualizations Уникальные значения голов: [np.int64(0), np.int64(1), np.int64(2), np.int64(3), np.int64(4), np.int64(5), np.int64(6), np.int64(7), np.int64(8), np.int64(9)]
2025-04-03 09:31:29,816 INFO visualizations Наличие нечётных значений: Есть
2025-04-03 09:31:31,339 INFO visualizations Графики сохранены в visualizations/eda_plots.png
2025-04-03 09:31:32,293 INFO visualizations График сравнений команд сохранен в visualizations/team_ratings.png
2025-04-03 09:31:44,810 INFO 2217234819 Служебные папки созданы
2025-04-03 09:31:44,829 ERROR data_loader Ошибка при загрузке CSV: Error tokenizing data. C error: Expected 106 fields in line 1522, saw 120
Traceback (most recent call last):
  File "d:\git\Data-Scientist\final project\data_loader.py", line 16, in load_csv
    data = pd.read_csv(file_path)
  File "C:\Users\a.kozak\AppData\Local\Packages\PythonSoftwareFoundation.Python.3.13_qbz5n2kfra8p0\LocalCache\local-packages\Python313\site-packages\pandas\io\parsers\readers.py", line 1026, in read_csv
    return _read(filepath_or_buffer, kwds)
  File "C:\Users\a.kozak\AppData\Local\Packages\PythonSoftwareFoundation.Python.3.13_qbz5n2kfra8p0\LocalCache\local-packages\Python313\site-packages\pandas\io\parsers\readers.py", line 626, in _read
    return parser.read(nrows)
           ~~~~~~~~~~~^^^^^^^
  File "C:\Users\a.kozak\AppData\Local\Packages\PythonSoftwareFoundation.Python.3.13_qbz5n2kfra8p0\LocalCache\local-packages\Python313\site-packages\pandas\io\parsers\readers.py", line 1923, in read
    ) = self._engine.read(  # type: ignore[attr-defined]
        ~~~~~~~~~~~~~~~~~^^^^^^^^^^^^^^^^^^^^^^^^^^^^^^^
        nrows
        ^^^^^
    )
    ^
  File "C:\Users\a.kozak\AppData\Local\Packages\PythonSoftwareFoundation.Python.3.13_qbz5n2kfra8p0\LocalCache\local-packages\Python313\site-packages\pandas\io\parsers\c_parser_wrapper.py", line 234, in read
    chunks = self._reader.read_low_memory(nrows)
  File "parsers.pyx", line 838, in pandas._libs.parsers.TextReader.read_low_memory
  File "parsers.pyx", line 905, in pandas._libs.parsers.TextReader._read_rows
  File "parsers.pyx", line 874, in pandas._libs.parsers.TextReader._tokenize_rows
  File "parsers.pyx", line 891, in pandas._libs.parsers.TextReader._check_tokenize_status
  File "parsers.pyx", line 2061, in pandas._libs.parsers.raise_parser_error
pandas.errors.ParserError: Error tokenizing data. C error: Expected 106 fields in line 1522, saw 120

2025-04-03 09:31:44,834 INFO 2217234819 Данные успешно загружены
2025-04-03 09:41:58,751 INFO 4281954563 Служебные папки созданы
2025-04-03 09:41:58,765 INFO data_loader Данные успешно загружены
2025-04-03 09:41:58,766 INFO 4281954563 Данные успешно загружены
2025-04-03 09:42:02,919 INFO 4281954563 Данные успешно обработаны
2025-04-03 09:42:02,950 INFO 4281954563 Результаты сохранены в processed_data/processed_matches.csv
2025-04-03 09:42:02,960 INFO visualizations Уникальные значения голов: [np.int64(0), np.int64(1), np.int64(2), np.int64(3), np.int64(4), np.int64(5), np.int64(6), np.int64(7), np.int64(8), np.int64(9)]
2025-04-03 09:42:02,975 INFO visualizations Наличие нечётных значений: Есть
2025-04-03 09:42:03,974 INFO visualizations Графики сохранены в visualizations/eda_plots.png
2025-04-03 09:42:04,939 INFO visualizations График сравнений команд сохранен в visualizations/team_ratings.png
2025-04-03 09:54:03,352 INFO data_loader Started modul DataLoader
2025-04-03 09:54:04,877 INFO 1758900300 Служебные папки созданы
2025-04-03 09:54:05,095 INFO data_loader Данные успешно загружены
2025-04-03 09:54:05,095 INFO 1758900300 Данные успешно загружены
2025-04-03 09:54:09,128 INFO 1758900300 Данные успешно обработаны
2025-04-03 09:54:09,156 INFO 1758900300 Результаты сохранены в processed_data/processed_matches.csv
2025-04-03 09:54:09,166 INFO visualizations Уникальные значения голов: [np.int64(0), np.int64(1), np.int64(2), np.int64(3), np.int64(4), np.int64(5), np.int64(6), np.int64(7), np.int64(8), np.int64(9)]
2025-04-03 09:54:09,166 INFO visualizations Наличие нечётных значений: Есть
2025-04-03 09:54:10,209 INFO visualizations Графики сохранены в visualizations/eda_plots.png
2025-04-03 09:54:11,030 INFO visualizations График сравнений команд сохранен в visualizations/team_ratings.png
2025-04-03 10:00:30,170 INFO 1532161394 Служебные папки созданы
2025-04-03 10:00:30,384 INFO 1532161394 Объединённые данные успешно загружены
2025-04-03 10:00:58,997 INFO 1532161394 Данные успешно обработаны
2025-04-03 10:00:59,166 INFO 1532161394 Результаты сохранены в processed_data/processed_matches.csv
2025-04-03 10:00:59,174 INFO visualizations Уникальные значения голов: [np.int64(0), np.int64(1), np.int64(2), np.int64(3), np.int64(4), np.int64(5), np.int64(6), np.int64(7), np.int64(8), np.int64(9)]
2025-04-03 10:00:59,174 INFO visualizations Наличие нечётных значений: Есть
2025-04-03 10:01:00,667 INFO visualizations Графики сохранены в visualizations/eda_plots.png
2025-04-03 10:01:01,640 INFO visualizations График сравнений команд сохранен в visualizations/team_ratings.png
2025-04-03 10:06:27,481 INFO 3311886374 Служебные папки созданы
2025-04-03 10:06:27,699 INFO 3311886374 Объединённые данные успешно загружены
2025-04-03 10:06:56,402 INFO 3311886374 Данные успешно обработаны
2025-04-03 10:06:56,576 INFO 3311886374 Результаты сохранены в processed_data/processed_matches.csv
2025-04-03 10:06:56,584 INFO visualizations Уникальные значения голов: [np.int64(0), np.int64(1), np.int64(2), np.int64(3), np.int64(4), np.int64(5), np.int64(6), np.int64(7), np.int64(8), np.int64(9)]
2025-04-03 10:06:56,584 INFO visualizations Наличие нечётных значений: Есть
2025-04-03 10:06:58,086 INFO visualizations Графики сохранены в visualizations/eda_plots.png
2025-04-03 10:06:59,091 INFO visualizations График сравнений команд сохранен в visualizations/team_ratings.png
2025-04-03 10:42:38,981 INFO 4034485397 Кластеризация выполнена
2025-04-03 11:48:54,578 INFO data_loader Started modul DataLoader
2025-04-03 11:48:55,988 INFO 1465753761 Служебные папки созданы
2025-04-03 11:48:56,160 INFO 1465753761 Объединённые данные успешно загружены
2025-04-03 11:49:13,771 INFO 1465753761 Данные успешно обработаны
2025-04-03 11:49:13,880 INFO 1465753761 Результаты сохранены в processed_data/processed_matches.csv
2025-04-03 11:49:13,886 INFO visualizations Уникальные значения голов: [np.int64(0), np.int64(1), np.int64(2), np.int64(3), np.int64(4), np.int64(5), np.int64(6), np.int64(7), np.int64(8), np.int64(9)]
2025-04-03 11:49:13,887 INFO visualizations Наличие нечётных значений: Есть
2025-04-03 11:49:14,782 INFO visualizations Графики сохранены в visualizations/eda_plots.png
2025-04-03 11:49:15,569 INFO visualizations График сравнений команд сохранен в visualizations/team_ratings.png
2025-04-03 11:50:46,107 INFO 1744263561 Служебные папки созданы
2025-04-03 11:50:46,267 INFO 1744263561 Объединённые данные успешно загружены
2025-04-03 11:51:02,935 INFO 1744263561 Данные успешно обработаны
2025-04-03 11:51:03,048 INFO 1744263561 Результаты сохранены в processed_data/processed_matches.csv
2025-04-03 11:51:03,053 INFO visualizations Уникальные значения голов: [np.int64(0), np.int64(1), np.int64(2), np.int64(3), np.int64(4), np.int64(5), np.int64(6), np.int64(7), np.int64(8), np.int64(9)]
2025-04-03 11:51:03,053 INFO visualizations Наличие нечётных значений: Есть
2025-04-03 11:51:03,853 INFO visualizations Графики сохранены в visualizations/eda_plots.png
2025-04-03 11:51:04,416 INFO visualizations График сравнений команд сохранен в visualizations/team_ratings.png
2025-04-03 11:54:06,848 INFO 2039487965 Служебные папки созданы
2025-04-03 11:54:06,992 INFO 2039487965 Объединённые данные успешно загружены
2025-04-03 11:54:23,684 INFO 2039487965 Данные успешно обработаны
2025-04-03 11:54:23,824 INFO 2039487965 Результаты сохранены в processed_data/processed_matches.csv
2025-04-03 11:54:23,835 INFO visualizations Уникальные значения голов: [np.int64(0), np.int64(1), np.int64(2), np.int64(3), np.int64(4), np.int64(5), np.int64(6), np.int64(7), np.int64(8), np.int64(9)]
2025-04-03 11:54:23,835 INFO visualizations Наличие нечётных значений: Есть
2025-04-03 11:54:24,878 INFO visualizations Графики сохранены в visualizations/eda_plots.png
2025-04-03 11:54:25,474 INFO visualizations График сравнений команд сохранен в visualizations/team_ratings.png
2025-04-03 11:54:49,486 INFO 1846840413 Служебные папки созданы
2025-04-03 11:54:49,619 INFO 1846840413 Объединённые данные успешно загружены
2025-04-03 11:55:09,298 INFO 1846840413 Данные успешно обработаны
2025-04-03 11:55:09,413 INFO 1846840413 Результаты сохранены в processed_data/processed_matches.csv
2025-04-03 11:55:09,417 INFO visualizations Уникальные значения голов: [np.int64(0), np.int64(1), np.int64(2), np.int64(3), np.int64(4), np.int64(5), np.int64(6), np.int64(7), np.int64(8), np.int64(9)]
2025-04-03 11:55:09,417 INFO visualizations Наличие нечётных значений: Есть
2025-04-03 11:55:10,276 INFO visualizations Графики сохранены в visualizations/eda_plots.png
2025-04-03 11:55:10,982 INFO visualizations График сравнений команд сохранен в visualizations/team_ratings.png
2025-04-03 12:30:43,505 INFO 3518508558 Служебные папки созданы
2025-04-03 12:30:43,645 INFO 3518508558 Объединённые данные успешно загружены
2025-04-03 12:31:00,710 INFO 3518508558 Данные успешно обработаны
2025-04-03 12:31:00,828 INFO 3518508558 Результаты сохранены в processed_data/processed_matches.csv
2025-04-03 12:31:00,834 INFO visualizations Уникальные значения голов: [np.int64(0), np.int64(1), np.int64(2), np.int64(3), np.int64(4), np.int64(5), np.int64(6), np.int64(7), np.int64(8), np.int64(9)]
2025-04-03 12:31:00,834 INFO visualizations Наличие нечётных значений: Есть
2025-04-03 12:31:01,739 INFO visualizations Графики сохранены в visualizations/eda_plots.png
2025-04-03 12:31:02,364 INFO visualizations График сравнений команд сохранен в visualizations/team_ratings.png
2025-04-03 12:37:45,794 INFO 2962552959 Служебные папки созданы
2025-04-03 12:37:45,957 INFO 2962552959 Объединённые данные успешно загружены
2025-04-03 12:38:05,476 INFO 2962552959 Данные успешно обработаны
2025-04-03 12:38:05,633 INFO 2962552959 Результаты сохранены в processed_data/processed_matches.csv
2025-04-03 12:38:05,640 INFO visualizations Уникальные значения голов: [np.int64(0), np.int64(1), np.int64(2), np.int64(3), np.int64(4), np.int64(5), np.int64(6), np.int64(7), np.int64(8), np.int64(9)]
2025-04-03 12:38:05,640 INFO visualizations Наличие нечётных значений: Есть
2025-04-03 12:38:06,929 INFO visualizations Графики сохранены в visualizations/eda_plots.png
2025-04-03 12:38:07,891 INFO visualizations График сравнений команд сохранен в visualizations/team_ratings.png
2025-04-03 15:33:51,619 INFO data_loader Started modul DataLoader
2025-04-03 15:45:03,439 INFO data_loader Started modul DataLoader
2025-04-03 15:49:42,521 INFO data_loader Started modul DataLoader
2025-04-03 15:51:17,908 INFO data_loader Started modul DataLoader
2025-04-03 15:53:07,008 INFO data_loader Started modul DataLoader
2025-04-03 15:53:09,272 INFO 3061838649 Служебные папки созданы
2025-04-03 15:53:09,571 INFO 3061838649 Объединённые данные успешно загружены
2025-04-03 15:54:00,323 INFO data_loader Started modul DataLoader
2025-04-03 15:54:02,507 INFO 3061838649 Служебные папки созданы
2025-04-03 15:54:02,823 INFO 3061838649 Объединённые данные успешно загружены
2025-04-03 15:54:41,338 INFO 3061838649 Данные успешно обработаны
2025-04-03 15:54:41,544 INFO 3061838649 Результаты сохранены в processed_data/processed_matches.csv
2025-04-03 15:54:41,553 INFO visualizations Уникальные значения голов: [np.int64(0), np.int64(1), np.int64(2), np.int64(3), np.int64(4), np.int64(5), np.int64(6), np.int64(7), np.int64(8), np.int64(9)]
2025-04-03 15:54:41,553 INFO visualizations Наличие нечётных значений: Есть
2025-04-03 15:54:43,406 INFO visualizations Графики сохранены в visualizations/eda_plots.png
2025-04-03 15:54:44,544 INFO visualizations График сравнений команд сохранен в visualizations/team_ratings.png
2025-04-03 19:54:05,587 INFO data_loader Started modul DataLoader
2025-04-03 19:54:06,111 INFO 3061838649 Служебные папки созданы
2025-04-03 19:54:06,312 INFO 3061838649 Объединённые данные успешно загружены
2025-04-03 19:54:23,368 INFO 3061838649 Данные успешно обработаны
2025-04-03 19:54:23,484 INFO 3061838649 Результаты сохранены в processed_data/processed_matches.csv
2025-04-03 19:54:23,489 INFO visualizations Уникальные значения голов: [np.int64(0), np.int64(1), np.int64(2), np.int64(3), np.int64(4), np.int64(5), np.int64(6), np.int64(7), np.int64(8), np.int64(9)]
2025-04-03 19:54:23,489 INFO visualizations Наличие нечётных значений: Есть
2025-04-03 19:54:24,358 INFO visualizations Графики сохранены в visualizations/eda_plots.png
2025-04-03 19:54:24,921 INFO visualizations График сравнений команд сохранен в visualizations/team_ratings.png
2025-04-03 20:51:03,535 INFO data_loader Started modul DataLoader
2025-04-03 20:51:04,425 INFO 3061838649 Служебные папки созданы
2025-04-03 20:51:04,550 INFO 3061838649 Объединённые данные успешно загружены
2025-04-03 20:51:22,507 INFO 3061838649 Данные успешно обработаны
2025-04-03 20:51:22,638 INFO 3061838649 Результаты сохранены в processed_data/processed_matches.csv
2025-04-03 20:51:22,643 INFO visualizations Уникальные значения голов: [np.int64(0), np.int64(1), np.int64(2), np.int64(3), np.int64(4), np.int64(5), np.int64(6), np.int64(7), np.int64(8), np.int64(9)]
2025-04-03 20:51:22,643 INFO visualizations Наличие нечётных значений: Есть
2025-04-03 20:51:23,623 INFO visualizations Графики сохранены в visualizations/eda_plots.png
2025-04-03 20:51:24,214 INFO visualizations График сравнений команд сохранен в visualizations/team_ratings.png
2025-04-03 21:42:49,762 INFO category Using categorical units to plot a list of strings that are all parsable as floats or dates. If these strings should be plotted as numbers, cast to the appropriate data type before plotting.
2025-04-03 21:42:49,769 INFO category Using categorical units to plot a list of strings that are all parsable as floats or dates. If these strings should be plotted as numbers, cast to the appropriate data type before plotting.
2025-04-03 21:42:55,598 INFO category Using categorical units to plot a list of strings that are all parsable as floats or dates. If these strings should be plotted as numbers, cast to the appropriate data type before plotting.
2025-04-03 21:42:55,603 INFO category Using categorical units to plot a list of strings that are all parsable as floats or dates. If these strings should be plotted as numbers, cast to the appropriate data type before plotting.
2025-04-03 23:30:01,832 INFO data_loader Started modul DataLoader
2025-04-03 23:30:03,955 INFO 616091660 Служебные папки созданы
2025-04-03 23:30:04,197 INFO 616091660 Объединённые данные успешно загружены
2025-04-03 23:30:37,166 INFO 616091660 Данные успешно обработаны
2025-04-03 23:30:37,375 INFO 616091660 Результаты сохранены в processed_data/processed_matches.csv
2025-04-03 23:30:37,408 INFO visualizations Уникальные значения голов: [np.int64(0), np.int64(1), np.int64(2), np.int64(3), np.int64(4), np.int64(5), np.int64(6), np.int64(7), np.int64(8), np.int64(9)]
2025-04-03 23:30:37,409 INFO visualizations Наличие нечётных значений: Есть
2025-04-03 23:30:39,481 INFO visualizations Графики сохранены в visualizations/eda_plots.png
2025-04-03 23:30:40,884 INFO visualizations График сравнений команд сохранен в visualizations/team_ratings.png
2025-04-03 23:35:36,216 INFO data_loader Started modul DataLoader
2025-04-03 23:35:37,915 INFO 616091660 Служебные папки созданы
2025-04-03 23:35:38,403 INFO 616091660 Объединённые данные успешно загружены
2025-04-03 23:36:07,917 INFO 616091660 Данные успешно обработаны
2025-04-03 23:36:08,104 INFO 616091660 Результаты сохранены в processed_data/processed_matches.csv
2025-04-03 23:36:08,114 INFO visualizations Уникальные значения голов: [np.int64(0), np.int64(1), np.int64(2), np.int64(3), np.int64(4), np.int64(5), np.int64(6), np.int64(7), np.int64(8), np.int64(9)]
2025-04-03 23:36:08,114 INFO visualizations Наличие нечётных значений: Есть
2025-04-03 23:36:09,540 INFO visualizations Графики сохранены в visualizations/eda_plots.png
2025-04-03 23:36:10,521 INFO visualizations График сравнений команд сохранен в visualizations/team_ratings.png
2025-04-03 23:51:54,189 INFO 1289787394 Служебные папки созданы
2025-04-03 23:51:54,449 INFO 1289787394 Объединённые данные успешно загружены
2025-04-03 23:52:24,807 INFO 1289787394 Данные успешно обработаны
2025-04-03 23:52:24,989 INFO 1289787394 Результаты сохранены в processed_data/processed_matches.csv
2025-04-03 23:52:24,996 INFO visualizations Уникальные значения голов: [np.int64(0), np.int64(1), np.int64(2), np.int64(3), np.int64(4), np.int64(5), np.int64(6), np.int64(7), np.int64(8), np.int64(9)]
2025-04-03 23:52:24,996 INFO visualizations Наличие нечётных значений: Есть
2025-04-03 23:52:26,493 INFO visualizations Графики сохранены в visualizations/eda_plots.png
2025-04-03 23:52:27,514 INFO visualizations График сравнений команд сохранен в visualizations/team_ratings.png
2025-04-03 23:52:49,695 INFO 1289787394 Служебные папки созданы
2025-04-03 23:52:49,928 INFO 1289787394 Объединённые данные успешно загружены
2025-04-03 23:53:21,040 INFO 1289787394 Данные успешно обработаны
2025-04-03 23:53:21,226 INFO 1289787394 Результаты сохранены в processed_data/processed_matches.csv
2025-04-03 23:53:21,236 INFO visualizations Уникальные значения голов: [np.int64(0), np.int64(1), np.int64(2), np.int64(3), np.int64(4), np.int64(5), np.int64(6), np.int64(7), np.int64(8), np.int64(9)]
2025-04-03 23:53:21,237 INFO visualizations Наличие нечётных значений: Есть
2025-04-03 23:53:22,841 INFO visualizations Графики сохранены в visualizations/eda_plots.png
2025-04-03 23:53:23,944 INFO visualizations График сравнений команд сохранен в visualizations/team_ratings.png
2025-04-03 23:59:11,252 INFO data_loader Started modul DataLoader
2025-04-04 00:00:06,075 INFO data_loader Started modul DataLoader
2025-04-04 00:01:20,245 INFO 3973764044 Служебные папки созданы
2025-04-04 00:01:20,526 INFO 3973764044 Объединённые данные успешно загружены
2025-04-04 00:01:57,442 INFO 3973764044 Данные успешно обработаны
2025-04-04 00:01:57,635 INFO 3973764044 Результаты сохранены в processed_data/processed_matches.csv
2025-04-04 00:01:57,644 INFO visualizations Уникальные значения голов: [np.int64(0), np.int64(1), np.int64(2), np.int64(3), np.int64(4), np.int64(5), np.int64(6), np.int64(7), np.int64(8), np.int64(9)]
2025-04-04 00:01:57,644 INFO visualizations Наличие нечётных значений: Есть
2025-04-04 00:01:59,271 INFO visualizations Графики сохранены в visualizations/eda_plots.png
2025-04-04 00:02:00,465 INFO visualizations График сравнений команд сохранен в visualizations/team_ratings.png
2025-04-04 00:08:58,834 INFO data_loader Started modul DataLoader
2025-04-04 00:09:01,121 INFO 3973764044 Служебные папки созданы
2025-04-04 00:09:01,618 INFO 3973764044 Объединённые данные успешно загружены
2025-04-04 00:09:37,794 INFO 3973764044 Данные успешно обработаны
2025-04-04 00:09:38,049 INFO 3973764044 Результаты сохранены в processed_data/processed_matches.csv
2025-04-04 00:09:38,064 INFO visualizations Уникальные значения голов: [np.int64(0), np.int64(1), np.int64(2), np.int64(3), np.int64(4), np.int64(5), np.int64(6), np.int64(7), np.int64(8), np.int64(9)]
2025-04-04 00:09:38,065 INFO visualizations Наличие нечётных значений: Есть
2025-04-04 00:09:39,984 INFO visualizations Графики сохранены в visualizations/eda_plots.png
2025-04-04 00:09:41,045 INFO visualizations График сравнений команд сохранен в visualizations/team_ratings.png
2025-04-04 00:20:03,475 INFO 2082854648 Служебные папки созданы
2025-04-04 00:20:03,785 INFO 2082854648 Объединённые данные успешно загружены
2025-04-04 00:20:33,145 INFO 2082854648 Данные успешно обработаны
2025-04-04 00:20:33,319 INFO 2082854648 Результаты сохранены в processed_data/processed_matches.csv
2025-04-04 00:20:33,328 INFO visualizations Уникальные значения голов: [np.int64(0), np.int64(1), np.int64(2), np.int64(3), np.int64(4), np.int64(5), np.int64(6), np.int64(7), np.int64(8), np.int64(9)]
2025-04-04 00:20:33,329 INFO visualizations Наличие нечётных значений: Есть
2025-04-04 00:20:34,831 INFO visualizations Графики сохранены в visualizations/eda_plots.png
2025-04-04 00:20:35,794 INFO visualizations График сравнений команд сохранен в visualizations/team_ratings.png
2025-04-04 10:00:26,580 INFO data_loader Started modul DataLoader
2025-04-04 10:00:28,668 INFO 2082854648 Служебные папки созданы
2025-04-04 10:00:28,858 INFO 2082854648 Объединённые данные успешно загружены
2025-04-04 10:00:47,986 INFO 2082854648 Данные успешно обработаны
2025-04-04 10:00:48,094 INFO 2082854648 Результаты сохранены в processed_data/processed_matches.csv
2025-04-04 10:00:48,100 INFO visualizations Уникальные значения голов: [np.int64(0), np.int64(1), np.int64(2), np.int64(3), np.int64(4), np.int64(5), np.int64(6), np.int64(7), np.int64(8), np.int64(9)]
2025-04-04 10:00:48,100 INFO visualizations Наличие нечётных значений: Есть
2025-04-04 10:00:48,977 INFO visualizations Графики сохранены в visualizations/eda_plots.png
2025-04-04 10:00:49,630 INFO visualizations График сравнений команд сохранен в visualizations/team_ratings.png
2025-04-04 12:49:29,455 INFO 412416151 Служебные папки созданы
2025-04-04 12:49:29,594 INFO 412416151 Объединённые данные успешно загружены
2025-04-04 12:49:46,372 INFO 412416151 Данные успешно обработаны
2025-04-04 12:49:46,486 INFO 412416151 Результаты сохранены в processed_data/processed_matches.csv
2025-04-04 12:49:46,491 INFO visualizations Уникальные значения голов: [np.int64(0), np.int64(1), np.int64(2), np.int64(3), np.int64(4), np.int64(5), np.int64(6), np.int64(7), np.int64(8), np.int64(9)]
2025-04-04 12:49:46,491 INFO visualizations Наличие нечётных значений: Есть
2025-04-04 12:49:47,404 INFO visualizations Графики сохранены в visualizations/eda_plots.png
2025-04-04 12:49:48,009 INFO visualizations График сравнений команд сохранен в visualizations/team_ratings.png
2025-04-04 14:52:25,173 INFO data_loader Started modul DataLoader
2025-04-04 14:52:26,561 INFO 3437900143 Служебные папки созданы
2025-04-04 14:52:26,703 INFO 3437900143 Объединённые данные успешно загружены
2025-04-04 14:52:45,991 INFO 3437900143 Данные успешно обработаны
2025-04-04 14:52:46,097 INFO 3437900143 Результаты сохранены в processed_data/processed_matches.csv
2025-04-04 14:52:46,103 INFO visualizations Уникальные значения голов: [np.int64(0), np.int64(1), np.int64(2), np.int64(3), np.int64(4), np.int64(5), np.int64(6), np.int64(7), np.int64(8), np.int64(9)]
2025-04-04 14:52:46,103 INFO visualizations Наличие нечётных значений: Есть
2025-04-04 14:52:46,965 INFO visualizations Графики сохранены в visualizations/eda_plots.png
2025-04-04 14:52:47,588 INFO visualizations График сравнений команд сохранен в visualizations/team_ratings.png
2025-04-04 17:15:50,210 INFO data_loader Started modul DataLoader
2025-04-04 17:15:52,385 INFO 3437900143 Служебные папки созданы
2025-04-04 17:15:52,664 INFO 3437900143 Объединённые данные успешно загружены
2025-04-04 17:16:27,117 INFO 3437900143 Данные успешно обработаны
2025-04-04 17:16:27,293 INFO 3437900143 Результаты сохранены в processed_data/processed_matches.csv
2025-04-04 17:16:27,301 INFO visualizations Уникальные значения голов: [np.int64(0), np.int64(1), np.int64(2), np.int64(3), np.int64(4), np.int64(5), np.int64(6), np.int64(7), np.int64(8), np.int64(9)]
2025-04-04 17:16:27,302 INFO visualizations Наличие нечётных значений: Есть
2025-04-04 17:16:28,986 INFO visualizations Графики сохранены в visualizations/eda_plots.png
2025-04-04 17:16:30,380 INFO visualizations График сравнений команд сохранен в visualizations/team_ratings.png
2025-04-04 19:09:07,578 INFO data_loader Started modul DataLoader
2025-04-04 19:09:08,682 INFO 3256987477 Служебные папки созданы
2025-04-04 19:09:08,820 INFO 3256987477 Объединённые данные успешно загружены
2025-04-04 19:09:24,854 INFO 3256987477 Данные успешно обработаны
2025-04-04 19:09:24,959 INFO 3256987477 Результаты сохранены в processed_data/processed_matches.csv
2025-04-04 19:09:24,964 INFO visualizations Уникальные значения голов: [np.int64(0), np.int64(1), np.int64(2), np.int64(3), np.int64(4), np.int64(5), np.int64(6), np.int64(7), np.int64(8), np.int64(9)]
2025-04-04 19:09:24,964 INFO visualizations Наличие нечётных значений: Есть
2025-04-04 19:09:25,763 INFO visualizations Графики сохранены в visualizations/eda_plots.png
2025-04-04 19:09:26,311 INFO visualizations График сравнений команд сохранен в visualizations/team_ratings.png
2025-04-04 19:17:25,881 INFO category Using categorical units to plot a list of strings that are all parsable as floats or dates. If these strings should be plotted as numbers, cast to the appropriate data type before plotting.
2025-04-04 19:17:25,882 INFO category Using categorical units to plot a list of strings that are all parsable as floats or dates. If these strings should be plotted as numbers, cast to the appropriate data type before plotting.
2025-04-04 19:17:25,883 INFO category Using categorical units to plot a list of strings that are all parsable as floats or dates. If these strings should be plotted as numbers, cast to the appropriate data type before plotting.
2025-04-04 19:17:25,884 INFO category Using categorical units to plot a list of strings that are all parsable as floats or dates. If these strings should be plotted as numbers, cast to the appropriate data type before plotting.
2025-04-04 19:17:25,885 INFO category Using categorical units to plot a list of strings that are all parsable as floats or dates. If these strings should be plotted as numbers, cast to the appropriate data type before plotting.
2025-04-04 19:17:25,915 INFO category Using categorical units to plot a list of strings that are all parsable as floats or dates. If these strings should be plotted as numbers, cast to the appropriate data type before plotting.
2025-04-04 19:17:25,917 INFO category Using categorical units to plot a list of strings that are all parsable as floats or dates. If these strings should be plotted as numbers, cast to the appropriate data type before plotting.
2025-04-04 19:17:25,919 INFO category Using categorical units to plot a list of strings that are all parsable as floats or dates. If these strings should be plotted as numbers, cast to the appropriate data type before plotting.
2025-04-04 19:17:25,921 INFO category Using categorical units to plot a list of strings that are all parsable as floats or dates. If these strings should be plotted as numbers, cast to the appropriate data type before plotting.
2025-04-04 19:17:25,922 INFO category Using categorical units to plot a list of strings that are all parsable as floats or dates. If these strings should be plotted as numbers, cast to the appropriate data type before plotting.
2025-04-04 19:18:40,341 INFO category Using categorical units to plot a list of strings that are all parsable as floats or dates. If these strings should be plotted as numbers, cast to the appropriate data type before plotting.
2025-04-04 19:18:40,344 INFO category Using categorical units to plot a list of strings that are all parsable as floats or dates. If these strings should be plotted as numbers, cast to the appropriate data type before plotting.
2025-04-04 19:18:40,345 INFO category Using categorical units to plot a list of strings that are all parsable as floats or dates. If these strings should be plotted as numbers, cast to the appropriate data type before plotting.
2025-04-04 19:18:40,349 INFO category Using categorical units to plot a list of strings that are all parsable as floats or dates. If these strings should be plotted as numbers, cast to the appropriate data type before plotting.
2025-04-04 19:18:40,352 INFO category Using categorical units to plot a list of strings that are all parsable as floats or dates. If these strings should be plotted as numbers, cast to the appropriate data type before plotting.
2025-04-04 19:18:40,372 INFO category Using categorical units to plot a list of strings that are all parsable as floats or dates. If these strings should be plotted as numbers, cast to the appropriate data type before plotting.
2025-04-04 19:18:40,374 INFO category Using categorical units to plot a list of strings that are all parsable as floats or dates. If these strings should be plotted as numbers, cast to the appropriate data type before plotting.
2025-04-04 19:18:40,375 INFO category Using categorical units to plot a list of strings that are all parsable as floats or dates. If these strings should be plotted as numbers, cast to the appropriate data type before plotting.
2025-04-04 19:18:40,376 INFO category Using categorical units to plot a list of strings that are all parsable as floats or dates. If these strings should be plotted as numbers, cast to the appropriate data type before plotting.
2025-04-04 19:18:40,378 INFO category Using categorical units to plot a list of strings that are all parsable as floats or dates. If these strings should be plotted as numbers, cast to the appropriate data type before plotting.
2025-04-04 19:19:12,296 INFO category Using categorical units to plot a list of strings that are all parsable as floats or dates. If these strings should be plotted as numbers, cast to the appropriate data type before plotting.
2025-04-04 19:19:12,297 INFO category Using categorical units to plot a list of strings that are all parsable as floats or dates. If these strings should be plotted as numbers, cast to the appropriate data type before plotting.
2025-04-04 19:19:12,299 INFO category Using categorical units to plot a list of strings that are all parsable as floats or dates. If these strings should be plotted as numbers, cast to the appropriate data type before plotting.
2025-04-04 19:19:12,300 INFO category Using categorical units to plot a list of strings that are all parsable as floats or dates. If these strings should be plotted as numbers, cast to the appropriate data type before plotting.
2025-04-04 19:19:12,301 INFO category Using categorical units to plot a list of strings that are all parsable as floats or dates. If these strings should be plotted as numbers, cast to the appropriate data type before plotting.
2025-04-04 19:19:12,321 INFO category Using categorical units to plot a list of strings that are all parsable as floats or dates. If these strings should be plotted as numbers, cast to the appropriate data type before plotting.
2025-04-04 19:19:12,330 INFO category Using categorical units to plot a list of strings that are all parsable as floats or dates. If these strings should be plotted as numbers, cast to the appropriate data type before plotting.
2025-04-04 19:19:12,332 INFO category Using categorical units to plot a list of strings that are all parsable as floats or dates. If these strings should be plotted as numbers, cast to the appropriate data type before plotting.
2025-04-04 19:19:12,333 INFO category Using categorical units to plot a list of strings that are all parsable as floats or dates. If these strings should be plotted as numbers, cast to the appropriate data type before plotting.
2025-04-04 19:19:12,334 INFO category Using categorical units to plot a list of strings that are all parsable as floats or dates. If these strings should be plotted as numbers, cast to the appropriate data type before plotting.
2025-04-04 19:19:17,722 INFO category Using categorical units to plot a list of strings that are all parsable as floats or dates. If these strings should be plotted as numbers, cast to the appropriate data type before plotting.
2025-04-04 19:19:17,723 INFO category Using categorical units to plot a list of strings that are all parsable as floats or dates. If these strings should be plotted as numbers, cast to the appropriate data type before plotting.
2025-04-04 19:19:17,725 INFO category Using categorical units to plot a list of strings that are all parsable as floats or dates. If these strings should be plotted as numbers, cast to the appropriate data type before plotting.
2025-04-04 19:19:17,726 INFO category Using categorical units to plot a list of strings that are all parsable as floats or dates. If these strings should be plotted as numbers, cast to the appropriate data type before plotting.
2025-04-04 19:19:17,728 INFO category Using categorical units to plot a list of strings that are all parsable as floats or dates. If these strings should be plotted as numbers, cast to the appropriate data type before plotting.
2025-04-04 19:19:17,746 INFO category Using categorical units to plot a list of strings that are all parsable as floats or dates. If these strings should be plotted as numbers, cast to the appropriate data type before plotting.
2025-04-04 19:19:17,748 INFO category Using categorical units to plot a list of strings that are all parsable as floats or dates. If these strings should be plotted as numbers, cast to the appropriate data type before plotting.
2025-04-04 19:19:17,749 INFO category Using categorical units to plot a list of strings that are all parsable as floats or dates. If these strings should be plotted as numbers, cast to the appropriate data type before plotting.
2025-04-04 19:19:17,750 INFO category Using categorical units to plot a list of strings that are all parsable as floats or dates. If these strings should be plotted as numbers, cast to the appropriate data type before plotting.
2025-04-04 19:19:17,751 INFO category Using categorical units to plot a list of strings that are all parsable as floats or dates. If these strings should be plotted as numbers, cast to the appropriate data type before plotting.
2025-04-04 19:19:25,172 INFO category Using categorical units to plot a list of strings that are all parsable as floats or dates. If these strings should be plotted as numbers, cast to the appropriate data type before plotting.
2025-04-04 19:19:25,173 INFO category Using categorical units to plot a list of strings that are all parsable as floats or dates. If these strings should be plotted as numbers, cast to the appropriate data type before plotting.
2025-04-04 19:19:25,176 INFO category Using categorical units to plot a list of strings that are all parsable as floats or dates. If these strings should be plotted as numbers, cast to the appropriate data type before plotting.
2025-04-04 19:19:25,178 INFO category Using categorical units to plot a list of strings that are all parsable as floats or dates. If these strings should be plotted as numbers, cast to the appropriate data type before plotting.
2025-04-04 19:19:25,180 INFO category Using categorical units to plot a list of strings that are all parsable as floats or dates. If these strings should be plotted as numbers, cast to the appropriate data type before plotting.
2025-04-04 19:19:25,205 INFO category Using categorical units to plot a list of strings that are all parsable as floats or dates. If these strings should be plotted as numbers, cast to the appropriate data type before plotting.
2025-04-04 19:19:25,206 INFO category Using categorical units to plot a list of strings that are all parsable as floats or dates. If these strings should be plotted as numbers, cast to the appropriate data type before plotting.
2025-04-04 19:19:25,208 INFO category Using categorical units to plot a list of strings that are all parsable as floats or dates. If these strings should be plotted as numbers, cast to the appropriate data type before plotting.
2025-04-04 19:19:25,216 INFO category Using categorical units to plot a list of strings that are all parsable as floats or dates. If these strings should be plotted as numbers, cast to the appropriate data type before plotting.
2025-04-04 19:19:25,218 INFO category Using categorical units to plot a list of strings that are all parsable as floats or dates. If these strings should be plotted as numbers, cast to the appropriate data type before plotting.
2025-04-04 19:20:38,069 INFO category Using categorical units to plot a list of strings that are all parsable as floats or dates. If these strings should be plotted as numbers, cast to the appropriate data type before plotting.
2025-04-04 19:20:38,070 INFO category Using categorical units to plot a list of strings that are all parsable as floats or dates. If these strings should be plotted as numbers, cast to the appropriate data type before plotting.
2025-04-04 19:20:38,071 INFO category Using categorical units to plot a list of strings that are all parsable as floats or dates. If these strings should be plotted as numbers, cast to the appropriate data type before plotting.
2025-04-04 19:20:38,073 INFO category Using categorical units to plot a list of strings that are all parsable as floats or dates. If these strings should be plotted as numbers, cast to the appropriate data type before plotting.
2025-04-04 19:20:38,075 INFO category Using categorical units to plot a list of strings that are all parsable as floats or dates. If these strings should be plotted as numbers, cast to the appropriate data type before plotting.
2025-04-04 19:20:38,107 INFO category Using categorical units to plot a list of strings that are all parsable as floats or dates. If these strings should be plotted as numbers, cast to the appropriate data type before plotting.
2025-04-04 19:20:38,110 INFO category Using categorical units to plot a list of strings that are all parsable as floats or dates. If these strings should be plotted as numbers, cast to the appropriate data type before plotting.
2025-04-04 19:20:38,112 INFO category Using categorical units to plot a list of strings that are all parsable as floats or dates. If these strings should be plotted as numbers, cast to the appropriate data type before plotting.
2025-04-04 19:20:38,113 INFO category Using categorical units to plot a list of strings that are all parsable as floats or dates. If these strings should be plotted as numbers, cast to the appropriate data type before plotting.
2025-04-04 19:20:38,114 INFO category Using categorical units to plot a list of strings that are all parsable as floats or dates. If these strings should be plotted as numbers, cast to the appropriate data type before plotting.
2025-04-04 19:22:17,371 INFO category Using categorical units to plot a list of strings that are all parsable as floats or dates. If these strings should be plotted as numbers, cast to the appropriate data type before plotting.
2025-04-04 19:22:17,374 INFO category Using categorical units to plot a list of strings that are all parsable as floats or dates. If these strings should be plotted as numbers, cast to the appropriate data type before plotting.
2025-04-04 19:22:17,377 INFO category Using categorical units to plot a list of strings that are all parsable as floats or dates. If these strings should be plotted as numbers, cast to the appropriate data type before plotting.
2025-04-04 19:22:17,379 INFO category Using categorical units to plot a list of strings that are all parsable as floats or dates. If these strings should be plotted as numbers, cast to the appropriate data type before plotting.
2025-04-04 19:22:17,380 INFO category Using categorical units to plot a list of strings that are all parsable as floats or dates. If these strings should be plotted as numbers, cast to the appropriate data type before plotting.
2025-04-04 19:22:17,397 INFO category Using categorical units to plot a list of strings that are all parsable as floats or dates. If these strings should be plotted as numbers, cast to the appropriate data type before plotting.
2025-04-04 19:22:17,398 INFO category Using categorical units to plot a list of strings that are all parsable as floats or dates. If these strings should be plotted as numbers, cast to the appropriate data type before plotting.
2025-04-04 19:22:17,400 INFO category Using categorical units to plot a list of strings that are all parsable as floats or dates. If these strings should be plotted as numbers, cast to the appropriate data type before plotting.
2025-04-04 19:22:17,401 INFO category Using categorical units to plot a list of strings that are all parsable as floats or dates. If these strings should be plotted as numbers, cast to the appropriate data type before plotting.
2025-04-04 19:22:17,403 INFO category Using categorical units to plot a list of strings that are all parsable as floats or dates. If these strings should be plotted as numbers, cast to the appropriate data type before plotting.
2025-04-04 19:23:41,665 INFO category Using categorical units to plot a list of strings that are all parsable as floats or dates. If these strings should be plotted as numbers, cast to the appropriate data type before plotting.
2025-04-04 19:23:41,667 INFO category Using categorical units to plot a list of strings that are all parsable as floats or dates. If these strings should be plotted as numbers, cast to the appropriate data type before plotting.
2025-04-04 19:23:41,669 INFO category Using categorical units to plot a list of strings that are all parsable as floats or dates. If these strings should be plotted as numbers, cast to the appropriate data type before plotting.
2025-04-04 19:23:41,671 INFO category Using categorical units to plot a list of strings that are all parsable as floats or dates. If these strings should be plotted as numbers, cast to the appropriate data type before plotting.
2025-04-04 19:23:41,673 INFO category Using categorical units to plot a list of strings that are all parsable as floats or dates. If these strings should be plotted as numbers, cast to the appropriate data type before plotting.
2025-04-04 19:23:41,693 INFO category Using categorical units to plot a list of strings that are all parsable as floats or dates. If these strings should be plotted as numbers, cast to the appropriate data type before plotting.
2025-04-04 19:23:41,694 INFO category Using categorical units to plot a list of strings that are all parsable as floats or dates. If these strings should be plotted as numbers, cast to the appropriate data type before plotting.
2025-04-04 19:23:41,696 INFO category Using categorical units to plot a list of strings that are all parsable as floats or dates. If these strings should be plotted as numbers, cast to the appropriate data type before plotting.
2025-04-04 19:23:41,696 INFO category Using categorical units to plot a list of strings that are all parsable as floats or dates. If these strings should be plotted as numbers, cast to the appropriate data type before plotting.
2025-04-04 19:23:41,697 INFO category Using categorical units to plot a list of strings that are all parsable as floats or dates. If these strings should be plotted as numbers, cast to the appropriate data type before plotting.
2025-04-04 19:24:50,889 INFO category Using categorical units to plot a list of strings that are all parsable as floats or dates. If these strings should be plotted as numbers, cast to the appropriate data type before plotting.
2025-04-04 19:24:50,890 INFO category Using categorical units to plot a list of strings that are all parsable as floats or dates. If these strings should be plotted as numbers, cast to the appropriate data type before plotting.
2025-04-04 19:24:50,892 INFO category Using categorical units to plot a list of strings that are all parsable as floats or dates. If these strings should be plotted as numbers, cast to the appropriate data type before plotting.
2025-04-04 19:24:50,893 INFO category Using categorical units to plot a list of strings that are all parsable as floats or dates. If these strings should be plotted as numbers, cast to the appropriate data type before plotting.
2025-04-04 19:24:50,897 INFO category Using categorical units to plot a list of strings that are all parsable as floats or dates. If these strings should be plotted as numbers, cast to the appropriate data type before plotting.
2025-04-04 19:24:50,923 INFO category Using categorical units to plot a list of strings that are all parsable as floats or dates. If these strings should be plotted as numbers, cast to the appropriate data type before plotting.
2025-04-04 19:24:50,925 INFO category Using categorical units to plot a list of strings that are all parsable as floats or dates. If these strings should be plotted as numbers, cast to the appropriate data type before plotting.
2025-04-04 19:24:50,927 INFO category Using categorical units to plot a list of strings that are all parsable as floats or dates. If these strings should be plotted as numbers, cast to the appropriate data type before plotting.
2025-04-04 19:24:50,928 INFO category Using categorical units to plot a list of strings that are all parsable as floats or dates. If these strings should be plotted as numbers, cast to the appropriate data type before plotting.
2025-04-04 19:24:50,928 INFO category Using categorical units to plot a list of strings that are all parsable as floats or dates. If these strings should be plotted as numbers, cast to the appropriate data type before plotting.
2025-04-04 19:44:27,410 INFO data_loader Started modul DataLoader
2025-04-04 19:44:28,481 INFO 1647807450 Служебные папки созданы
2025-04-04 19:44:28,632 INFO 1647807450 Объединённые данные успешно загружены
2025-04-04 19:44:44,687 INFO 1647807450 Данные успешно обработаны
2025-04-04 19:44:44,797 INFO 1647807450 Результаты сохранены в processed_data/processed_matches.csv
2025-04-04 19:44:44,802 INFO visualizations Уникальные значения голов: [np.int64(0), np.int64(1), np.int64(2), np.int64(3), np.int64(4), np.int64(5), np.int64(6), np.int64(7), np.int64(8), np.int64(9)]
2025-04-04 19:44:44,802 INFO visualizations Наличие нечётных значений: Есть
2025-04-04 19:44:45,595 INFO visualizations Графики сохранены в visualizations/eda_plots.png
2025-04-04 19:44:46,146 INFO visualizations График сравнений команд сохранен в visualizations/team_ratings.png
2025-04-04 20:25:04,548 INFO data_loader Started modul DataLoader
2025-04-04 20:25:05,648 INFO 1647807450 Служебные папки созданы
2025-04-04 20:25:05,775 INFO 1647807450 Объединённые данные успешно загружены
2025-04-04 20:25:22,257 INFO 1647807450 Данные успешно обработаны
2025-04-04 20:25:22,364 INFO 1647807450 Результаты сохранены в processed_data/processed_matches.csv
2025-04-04 20:25:22,370 INFO visualizations Уникальные значения голов: [np.int64(0), np.int64(1), np.int64(2), np.int64(3), np.int64(4), np.int64(5), np.int64(6), np.int64(7), np.int64(8), np.int64(9)]
2025-04-04 20:25:22,370 INFO visualizations Наличие нечётных значений: Есть
2025-04-04 20:25:23,181 INFO visualizations Графики сохранены в visualizations/eda_plots.png
2025-04-04 20:25:23,750 INFO visualizations График сравнений команд сохранен в visualizations/team_ratings.png
2025-04-04 20:25:31,280 INFO 1647807450 Служебные папки созданы
2025-04-04 20:25:31,409 INFO 1647807450 Объединённые данные успешно загружены
2025-04-04 20:25:51,030 INFO 1647807450 Данные успешно обработаны
2025-04-04 20:25:51,145 INFO 1647807450 Результаты сохранены в processed_data/processed_matches.csv
2025-04-04 20:25:51,152 INFO visualizations Уникальные значения голов: [np.int64(0), np.int64(1), np.int64(2), np.int64(3), np.int64(4), np.int64(5), np.int64(6), np.int64(7), np.int64(8), np.int64(9)]
2025-04-04 20:25:51,152 INFO visualizations Наличие нечётных значений: Есть
2025-04-04 20:25:52,060 INFO visualizations Графики сохранены в visualizations/eda_plots.png
2025-04-04 20:25:52,737 INFO visualizations График сравнений команд сохранен в visualizations/team_ratings.png
2025-04-04 21:11:50,927 INFO data_loader Started modul DataLoader
2025-04-04 21:11:52,827 INFO 1647807450 Служебные папки созданы
2025-04-04 21:11:53,126 INFO 1647807450 Объединённые данные успешно загружены
2025-04-04 21:12:26,880 INFO 1647807450 Данные успешно обработаны
2025-04-04 21:12:27,068 INFO 1647807450 Результаты сохранены в processed_data/processed_matches.csv
2025-04-04 21:12:27,078 INFO visualizations Уникальные значения голов: [np.int64(0), np.int64(1), np.int64(2), np.int64(3), np.int64(4), np.int64(5), np.int64(6), np.int64(7), np.int64(8), np.int64(9)]
2025-04-04 21:12:27,079 INFO visualizations Наличие нечётных значений: Есть
2025-04-04 21:12:29,027 INFO visualizations Графики сохранены в visualizations/eda_plots.png
2025-04-04 21:12:30,135 INFO visualizations График сравнений команд сохранен в visualizations/team_ratings.png
2025-04-04 21:32:09,861 INFO 1170642743 Запуск анализа футбольных матчей
2025-04-04 21:32:09,875 INFO 1170642743 Преобразовано 1 period-столбцов в строки
2025-04-04 21:32:09,876 INFO 1170642743 Исходный размер данных: (1809, 80)
2025-04-04 21:32:09,882 INFO 1170642743 Добавлены временные признаки
2025-04-04 21:32:10,437 INFO 1170642743 Создано 81 новых признаков формы команд
2025-04-04 21:32:10,445 INFO 1170642743 Данные разделены: train=1447, test=362
2025-04-04 21:32:10,470 INFO 1170642743 Закодированы HomeTeam
2025-04-04 21:32:10,493 INFO 1170642743 Закодированы AwayTeam
2025-04-04 21:32:10,498 INFO 1170642743 Очищены названия столбцов
2025-04-04 21:32:10,502 INFO 1170642743 Создан препроцессор
2025-04-04 21:32:10,503 INFO 1170642743 Инициализированы модели
2025-04-04 21:32:10,527 INFO 1170642743 Начинаем обучение моделей
2025-04-04 21:37:14,765 INFO 1170642743 Анализ успешно завершен
2025-04-04 21:39:09,827 INFO 1647807450 Служебные папки созданы
2025-04-04 21:39:10,150 INFO 1647807450 Объединённые данные успешно загружены
2025-04-04 21:39:51,270 INFO 1647807450 Данные успешно обработаны
2025-04-04 21:39:51,450 INFO 1647807450 Результаты сохранены в processed_data/processed_matches.csv
2025-04-04 21:39:51,458 INFO visualizations Уникальные значения голов: [np.int64(0), np.int64(1), np.int64(2), np.int64(3), np.int64(4), np.int64(5), np.int64(6), np.int64(7), np.int64(8), np.int64(9)]
2025-04-04 21:39:51,458 INFO visualizations Наличие нечётных значений: Есть
2025-04-04 21:39:53,370 INFO visualizations Графики сохранены в visualizations/eda_plots.png
2025-04-04 21:39:54,984 INFO visualizations График сравнений команд сохранен в visualizations/team_ratings.png
2025-04-04 21:41:26,162 INFO 1647807450 Служебные папки созданы
2025-04-04 21:41:26,420 INFO 1647807450 Объединённые данные успешно загружены
2025-04-04 21:41:56,384 INFO 1647807450 Данные успешно обработаны
2025-04-04 21:41:56,568 INFO 1647807450 Результаты сохранены в processed_data/processed_matches.csv
2025-04-04 21:41:56,578 INFO visualizations Уникальные значения голов: [np.int64(0), np.int64(1), np.int64(2), np.int64(3), np.int64(4), np.int64(5), np.int64(6), np.int64(7), np.int64(8), np.int64(9)]
2025-04-04 21:41:56,578 INFO visualizations Наличие нечётных значений: Есть
2025-04-04 21:41:57,992 INFO visualizations Графики сохранены в visualizations/eda_plots.png
2025-04-04 21:41:59,090 INFO visualizations График сравнений команд сохранен в visualizations/team_ratings.png
2025-04-04 21:43:35,446 INFO 2857027524 Служебные папки созданы
2025-04-04 21:43:35,775 INFO 2857027524 Объединённые данные успешно загружены
2025-04-04 21:44:14,968 INFO 2857027524 Данные успешно обработаны
2025-04-04 21:44:15,149 INFO 2857027524 Результаты сохранены в processed_data/processed_matches.csv
2025-04-04 21:44:15,160 INFO visualizations Уникальные значения голов: [np.int64(0), np.int64(1), np.int64(2), np.int64(3), np.int64(4), np.int64(5), np.int64(6), np.int64(7), np.int64(8), np.int64(9)]
2025-04-04 21:44:15,160 INFO visualizations Наличие нечётных значений: Есть
2025-04-04 21:44:16,645 INFO visualizations Графики сохранены в visualizations/eda_plots.png
2025-04-04 21:44:17,638 INFO visualizations График сравнений команд сохранен в visualizations/team_ratings.png
