2025-02-13 14:06:07,624 INFO data_loader Started
2025-02-13 14:06:32,470 INFO check_data Started
2025-02-13 14:06:32,478 INFO data_visualizer Started
2025-02-13 14:06:32,495 INFO check_data Нет пропущенных значений.
2025-02-13 14:11:27,636 INFO check_data Нет пропущенных значений.
2025-02-13 14:20:00,270 INFO data_loader Started modul DataLoader
2025-02-13 14:20:00,273 INFO check_data Started modul CheckData
2025-02-13 14:20:00,282 INFO data_visualizer Started modul DataVisualizer
2025-02-13 14:28:20,836 INFO data_loader Started modul DataLoader
2025-02-13 14:28:20,844 INFO check_data Started modul CheckData
2025-02-13 14:28:20,847 INFO data_visualizer Started modul DataVisualizer
2025-02-13 14:41:29,750 INFO data_loader Started modul DataLoader
2025-02-13 14:41:29,753 INFO check_data Started modul CheckData
2025-02-13 14:41:29,753 INFO data_visualizer Started modul DataVisualizer
2025-02-13 14:41:29,796 INFO check_data Ошибка заполнения пропущенных значений: C:/Users/a.kozak/Documents/dz2/car_price_dataset.csv
2025-02-13 14:42:04,046 INFO data_loader Started modul DataLoader
2025-02-13 14:42:04,054 INFO check_data Started modul CheckData
2025-02-13 14:42:04,055 INFO data_visualizer Started modul DataVisualizer
2025-02-13 14:42:04,101 INFO check_data Ошибка заполнения пропущенных значений: C:/Users/a.kozak/Documents/dz2/car_price_dataset.csv
2025-02-13 17:20:09,359 INFO data_loader Started modul DataLoader
2025-02-13 17:21:28,566 INFO data_loader Started modul DataLoader
2025-02-13 17:21:28,573 INFO check_data Started modul CheckData
2025-02-13 17:21:52,032 INFO data_loader Started modul DataLoader
2025-02-13 17:21:52,032 INFO check_data Started modul CheckData
2025-02-13 17:21:52,041 INFO data_visualizer Started modul DataVisualizer
2025-02-13 17:24:19,848 INFO data_loader Started modul DataLoader
2025-02-13 17:24:19,852 INFO check_data Started modul CheckData
2025-02-13 17:24:19,854 INFO data_visualizer Started modul DataVisualizer
2025-02-13 17:24:19,894 INFO check_data Ошибка заполнения пропущенных значений: C:/Users/a.kozak/Documents/dz2/car_price_dataset.csv
2025-02-13 17:25:40,458 INFO data_loader Started modul DataLoader
2025-02-13 17:25:40,459 INFO check_data Started modul CheckData
2025-02-13 17:25:40,460 INFO data_visualizer Started modul DataVisualizer
2025-02-13 17:25:40,500 INFO check_data Ошибка заполнения пропущенных значений: C:/Users/a.kozak/Documents/dz2/car_price_dataset.csv
2025-02-13 17:27:10,743 INFO data_loader Started modul DataLoader
2025-02-13 17:27:10,749 INFO check_data Started modul CheckData
2025-02-13 17:27:10,757 INFO data_visualizer Started modul DataVisualizer
2025-02-13 17:27:10,815 INFO check_data Ошибка заполнения пропущенных значений: C:/Users/a.kozak/Documents/dz2/car_price_dataset.csv
2025-02-13 17:29:17,769 INFO data_loader Started modul DataLoader
2025-02-13 17:29:17,769 INFO check_data Started modul CheckData
2025-02-13 17:29:17,770 INFO data_visualizer Started modul DataVisualizer
2025-02-13 17:29:17,827 INFO check_data Ошибка заполнения пропущенных значений: D:\git\Data-Scientist\dz2\car_price_dataset.csv
2025-02-13 17:32:33,670 INFO data_loader Started modul DataLoader
2025-02-13 17:32:33,674 INFO check_data Started modul CheckData
2025-02-13 17:32:33,674 INFO data_visualizer Started modul DataVisualizer
2025-02-13 17:32:33,728 INFO check_data Данные успешно записаны в файл: D:\git\Data-Scientist\dz2\car_price_dataset.csv
2025-02-13 17:36:32,871 INFO data_loader Started modul DataLoader
2025-02-13 17:36:32,872 INFO check_data Started modul CheckData
2025-02-13 17:36:32,878 INFO data_visualizer Started modul DataVisualizer
2025-02-13 17:36:54,753 INFO data_loader Started modul DataLoader
2025-02-13 17:36:54,754 INFO check_data Started modul CheckData
2025-02-13 17:36:54,754 INFO data_visualizer Started modul DataVisualizer
2025-02-13 17:37:46,129 INFO data_loader Started modul DataLoader
2025-02-13 17:37:46,130 INFO check_data Started modul CheckData
2025-02-13 17:37:46,130 INFO data_visualizer Started modul DataVisualizer
2025-02-13 17:37:46,141 INFO data_loader Данные успешно загружены
2025-02-13 17:37:46,174 INFO check_data Данные успешно записаны в файл: D:\git\Data-Scientist\dz2\car_price_dataset.csv
2025-02-13 17:37:46,265 INFO data_visualizer График успешно построен
2025-02-13 17:37:46,499 INFO data_visualizer График успешно построен
2025-02-13 17:37:46,626 INFO data_visualizer График успешно построен
2025-02-13 17:39:00,362 INFO data_loader Started modul DataLoader
2025-02-13 17:39:00,362 INFO check_data Started modul CheckData
2025-02-13 17:39:00,371 INFO data_visualizer Started modul DataVisualizer
2025-02-13 17:39:00,381 INFO data_loader Данные успешно загружены
2025-02-13 17:39:00,408 INFO check_data Данные успешно записаны в файл: D:\git\Data-Scientist\dz2\car_price_dataset.csv
2025-02-13 17:39:00,508 INFO data_visualizer График гистограммы успешно построен
2025-02-13 17:39:00,738 INFO data_visualizer Линейный график успешно построен
2025-02-13 17:39:00,869 INFO data_visualizer Диаграмма рассеяния успешно построен
2025-02-13 17:39:20,147 INFO data_loader Started modul DataLoader
2025-02-13 17:39:20,148 INFO check_data Started modul CheckData
2025-02-13 17:39:20,148 INFO data_visualizer Started modul DataVisualizer
2025-02-13 17:39:20,161 INFO data_loader Данные успешно загружены
2025-02-13 17:39:20,192 INFO check_data Данные успешно записаны в файл: D:\git\Data-Scientist\dz2\car_price_dataset.csv
2025-02-13 17:39:20,288 INFO data_visualizer График гистограммы успешно построен
2025-02-13 17:39:20,512 INFO data_visualizer Линейный график успешно построен
2025-02-13 17:39:20,625 INFO data_visualizer Диаграмма рассеяния успешно построен
2025-02-13 17:43:59,338 INFO data_loader Started modul DataLoader
2025-02-13 17:43:59,348 INFO check_data Started modul CheckData
2025-02-13 17:43:59,349 INFO data_visualizer Started modul DataVisualizer
2025-02-13 17:43:59,360 INFO data_loader Данные успешно загружены
2025-02-13 17:43:59,461 INFO data_visualizer График гистограммы успешно построен
2025-02-13 17:43:59,684 INFO data_visualizer Линейный график успешно построен
2025-02-13 17:43:59,803 INFO data_visualizer Диаграмма рассеяния успешно построен
2025-02-13 17:45:35,115 INFO data_loader Данные успешно загружены
2025-02-13 17:45:35,164 INFO check_data Данные успешно записаны в файл: D:\git\Data-Scientist\dz2\car_price_dataset.csv
2025-02-13 17:45:35,304 INFO data_visualizer График гистограммы успешно построен
2025-02-13 17:45:35,670 INFO data_visualizer Линейный график успешно построен
2025-02-13 17:45:35,822 INFO data_visualizer Диаграмма рассеяния успешно построен
2025-02-13 17:46:42,318 INFO data_loader Данные успешно загружены
2025-02-13 17:46:42,414 INFO data_visualizer График гистограммы успешно построен
2025-02-13 17:46:42,682 INFO data_visualizer Линейный график успешно построен
2025-02-13 17:46:42,798 INFO data_visualizer Диаграмма рассеяния успешно построен
2025-02-13 17:47:13,617 INFO data_loader Данные успешно загружены
2025-02-13 17:47:13,697 INFO data_visualizer График гистограммы успешно построен
2025-02-13 17:47:13,933 INFO data_visualizer Линейный график успешно построен
2025-02-13 17:47:14,043 INFO data_visualizer Диаграмма рассеяния успешно построен
2025-02-13 17:48:08,611 INFO data_loader Данные успешно загружены
2025-02-13 17:48:08,776 INFO data_visualizer График гистограммы успешно построен
2025-02-13 17:48:09,169 INFO data_visualizer Линейный график успешно построен
2025-02-13 17:48:09,329 INFO data_visualizer Диаграмма рассеяния успешно построен
2025-02-13 17:49:01,421 INFO data_loader Данные успешно загружены
2025-02-13 17:49:01,509 INFO data_visualizer График гистограммы успешно построен
2025-02-13 17:49:01,749 INFO data_visualizer Линейный график успешно построен
2025-02-13 17:49:01,871 INFO data_visualizer Диаграмма рассеяния успешно построен
2025-02-13 17:54:58,602 INFO data_loader Данные успешно загружены
2025-02-13 17:54:58,687 INFO data_visualizer График гистограммы успешно построен
2025-02-13 17:54:59,014 INFO data_visualizer Линейный график успешно построен
2025-02-13 17:54:59,152 INFO data_visualizer Диаграмма рассеяния успешно построен
2025-02-13 17:55:49,683 INFO data_loader Данные успешно загружены
2025-02-13 17:55:49,776 INFO data_visualizer График гистограммы успешно построен
2025-02-13 17:55:50,004 INFO data_visualizer Линейный график успешно построен
2025-02-13 17:55:50,111 INFO data_visualizer Диаграмма рассеяния успешно построен
2025-02-13 17:56:08,624 INFO data_loader Started modul DataLoader
2025-02-13 17:56:08,625 INFO check_data Started modul CheckData
2025-02-13 17:56:08,629 INFO data_visualizer Started modul DataVisualizer
2025-02-13 17:56:08,641 INFO data_loader Данные успешно загружены
2025-02-13 17:56:08,753 INFO data_visualizer График гистограммы успешно построен
2025-02-13 17:56:09,004 INFO data_visualizer Линейный график успешно построен
2025-02-13 17:56:09,168 INFO data_visualizer Диаграмма рассеяния успешно построен
2025-02-13 17:57:06,910 INFO data_loader Started modul DataLoader
2025-02-13 17:57:06,911 INFO check_data Started modul CheckData
2025-02-13 17:57:06,914 INFO data_visualizer Started modul DataVisualizer
2025-02-13 17:57:06,925 INFO data_loader Данные успешно загружены
2025-02-13 17:57:07,027 INFO data_visualizer График гистограммы успешно построен
2025-02-13 17:57:07,248 INFO data_visualizer Линейный график успешно построен
2025-02-13 17:57:07,377 INFO data_visualizer Диаграмма рассеяния успешно построен
2025-02-13 17:58:52,579 INFO data_loader Started modul DataLoader
2025-02-13 17:58:52,580 INFO check_data Started modul CheckData
2025-02-13 17:58:52,586 INFO data_visualizer Started modul DataVisualizer
2025-02-13 17:58:52,598 INFO data_loader Данные успешно загружены
2025-02-13 17:58:52,701 INFO data_visualizer График гистограммы успешно построен
2025-02-13 17:58:52,923 INFO data_visualizer Линейный график успешно построен
2025-02-13 17:58:53,070 INFO data_visualizer Диаграмма рассеяния успешно построен
2025-02-13 17:59:36,883 INFO data_loader Started modul DataLoader
2025-02-13 17:59:36,883 INFO check_data Started modul CheckData
2025-02-13 17:59:36,891 INFO data_visualizer Started modul DataVisualizer
2025-02-13 17:59:36,904 INFO data_loader Данные успешно загружены
2025-02-13 17:59:37,007 INFO data_visualizer График гистограммы успешно построен
2025-02-13 17:59:37,246 INFO data_visualizer Линейный график успешно построен
2025-02-13 17:59:37,380 INFO data_visualizer Диаграмма рассеяния успешно построен
2025-02-13 18:03:53,824 INFO data_loader Started modul DataLoader
2025-02-13 18:03:53,825 INFO check_data Started modul CheckData
2025-02-13 18:03:53,834 INFO data_visualizer Started modul DataVisualizer
2025-02-13 18:03:53,846 INFO data_loader Данные успешно загружены
2025-02-13 18:03:53,958 INFO data_visualizer График гистограммы успешно построен
2025-02-13 18:03:54,192 INFO data_visualizer Линейный график успешно построен
2025-02-13 18:03:54,322 INFO data_visualizer Диаграмма рассеяния успешно построен
2025-02-13 18:06:30,793 INFO data_loader Started modul DataLoader
2025-02-13 18:06:30,794 INFO check_data Started modul CheckData
2025-02-13 18:06:30,803 INFO data_visualizer Started modul DataVisualizer
2025-02-13 18:06:30,814 INFO data_loader Данные успешно загружены
2025-02-13 18:06:30,923 INFO data_visualizer График гистограммы успешно построен
2025-02-13 18:06:31,214 INFO data_visualizer Линейный график успешно построен
2025-02-13 18:06:31,381 INFO data_visualizer Диаграмма рассеяния успешно построен
2025-02-13 18:07:04,632 INFO data_loader Started modul DataLoader
2025-02-13 18:07:04,633 INFO check_data Started modul CheckData
2025-02-13 18:07:04,640 INFO data_visualizer Started modul DataVisualizer
2025-02-13 18:07:04,651 INFO data_loader Данные успешно загружены
2025-02-13 18:07:04,757 INFO data_visualizer График гистограммы успешно построен
2025-02-13 18:07:04,974 INFO data_visualizer Линейный график успешно построен
2025-02-13 18:07:05,105 INFO data_visualizer Диаграмма рассеяния успешно построен
2025-02-13 18:09:19,637 INFO data_loader Started modul DataLoader
2025-02-13 18:09:19,638 INFO check_data Started modul CheckData
2025-02-13 18:09:19,646 INFO data_visualizer Started modul DataVisualizer
2025-02-13 18:09:19,659 INFO data_loader Данные успешно загружены
2025-02-13 18:09:19,770 INFO data_visualizer График гистограммы успешно построен
2025-02-13 18:09:19,987 INFO data_visualizer Линейный график успешно построен
2025-02-13 18:09:20,108 INFO data_visualizer Диаграмма рассеяния успешно построен
2025-02-13 18:10:20,744 INFO data_loader Started modul DataLoader
2025-02-13 18:10:20,746 INFO check_data Started modul CheckData
2025-02-13 18:10:20,754 INFO data_visualizer Started modul DataVisualizer
2025-02-13 18:10:20,768 INFO data_loader Данные успешно загружены
2025-02-13 18:10:20,886 INFO data_visualizer График гистограммы успешно построен
2025-02-13 18:10:21,116 INFO data_visualizer Линейный график успешно построен
2025-02-13 18:10:21,252 INFO data_visualizer Диаграмма рассеяния успешно построен
2025-02-13 18:12:31,381 INFO data_loader Started modul DataLoader
2025-02-13 18:12:31,382 INFO check_data Started modul CheckData
2025-02-13 18:12:31,388 INFO data_visualizer Started modul DataVisualizer
2025-02-13 18:12:31,399 INFO data_loader Данные успешно загружены
2025-02-13 18:12:31,503 INFO data_visualizer График гистограммы успешно построен
2025-02-13 18:12:31,767 INFO data_visualizer Линейный график успешно построен
2025-02-13 18:12:31,882 INFO data_visualizer Диаграмма рассеяния успешно построен
2025-02-13 18:15:40,479 INFO data_loader Started modul DataLoader
2025-02-13 18:15:40,480 INFO check_data Started modul CheckData
2025-02-13 18:15:40,482 INFO data_visualizer Started modul DataVisualizer
2025-02-13 18:15:40,494 INFO data_loader Данные успешно загружены
2025-02-13 18:15:40,597 INFO data_visualizer График гистограммы успешно построен
2025-02-13 18:15:40,831 INFO data_visualizer Линейный график успешно построен
2025-02-13 18:15:40,951 INFO data_visualizer Диаграмма рассеяния успешно построен
2025-02-13 18:18:08,252 INFO data_loader Started modul DataLoader
2025-02-13 18:18:08,253 INFO check_data Started modul CheckData
2025-02-13 18:18:08,261 INFO data_visualizer Started modul DataVisualizer
2025-02-13 18:18:08,273 INFO data_loader Данные успешно загружены
2025-02-13 18:18:08,376 INFO data_visualizer График гистограммы успешно построен
2025-02-13 18:18:08,614 INFO data_visualizer Линейный график успешно построен
2025-02-13 18:18:08,711 INFO data_visualizer Диаграмма рассеяния успешно построен
2025-02-13 18:25:41,660 INFO data_loader Started modul DataLoader
2025-02-13 18:25:41,660 INFO check_data Started modul CheckData
2025-02-13 18:25:41,663 INFO data_visualizer Started modul DataVisualizer
2025-02-13 18:25:41,675 INFO data_loader Данные успешно загружены
2025-02-13 18:25:41,785 INFO data_visualizer График гистограммы успешно построен
2025-02-13 18:25:42,017 INFO data_visualizer Линейный график успешно построен
2025-02-13 18:25:42,104 INFO data_visualizer Диаграмма рассеяния успешно построен
2025-02-13 18:25:56,781 INFO data_loader Данные успешно загружены
2025-02-13 18:25:56,885 INFO data_visualizer График гистограммы успешно построен
2025-02-13 18:25:57,121 INFO data_visualizer Линейный график успешно построен
2025-02-13 18:25:57,200 INFO data_visualizer Диаграмма рассеяния успешно построен
2025-02-13 18:31:19,478 INFO data_loader Started modul DataLoader
2025-02-13 18:31:19,478 INFO check_data Started modul CheckData
2025-02-13 18:31:19,487 INFO data_visualizer Started modul DataVisualizer
2025-02-13 18:31:19,499 INFO data_loader Данные успешно загружены
2025-02-13 18:31:19,517 ERROR data_visualizer Ошибка построения гистрограммы: The 'color' keyword argument must have one color per dataset, but 1 datasets and 3 colors were provided
Traceback (most recent call last):
  File "d:\git\Data-Scientist\dz2\data_visualizer.py", line 16, in add_histogram
    plt.hist(self.df[column].dropna(), bins=bins, alpha=alpha, density=True, histtype='bar', color=colors, label=colors)
    ~~~~~~~~^^^^^^^^^^^^^^^^^^^^^^^^^^^^^^^^^^^^^^^^^^^^^^^^^^^^^^^^^^^^^^^^^^^^^^^^^^^^^^^^^^^^^^^^^^^^^^^^^^^^^^^^^^^^
  File "C:\Users\a.kozak\AppData\Local\Packages\PythonSoftwareFoundation.Python.3.13_qbz5n2kfra8p0\LocalCache\local-packages\Python313\site-packages\matplotlib\_api\deprecation.py", line 453, in wrapper
    return func(*args, **kwargs)
  File "C:\Users\a.kozak\AppData\Local\Packages\PythonSoftwareFoundation.Python.3.13_qbz5n2kfra8p0\LocalCache\local-packages\Python313\site-packages\matplotlib\pyplot.py", line 3469, in hist
    return gca().hist(
           ~~~~~~~~~~^
        x,
        ^^
    ...<15 lines>...
        **kwargs,
        ^^^^^^^^^
    )
    ^
  File "C:\Users\a.kozak\AppData\Local\Packages\PythonSoftwareFoundation.Python.3.13_qbz5n2kfra8p0\LocalCache\local-packages\Python313\site-packages\matplotlib\_api\deprecation.py", line 453, in wrapper
    return func(*args, **kwargs)
  File "C:\Users\a.kozak\AppData\Local\Packages\PythonSoftwareFoundation.Python.3.13_qbz5n2kfra8p0\LocalCache\local-packages\Python313\site-packages\matplotlib\__init__.py", line 1521, in inner
    return func(
        ax,
        *map(cbook.sanitize_sequence, args),
        **{k: cbook.sanitize_sequence(v) for k, v in kwargs.items()})
  File "C:\Users\a.kozak\AppData\Local\Packages\PythonSoftwareFoundation.Python.3.13_qbz5n2kfra8p0\LocalCache\local-packages\Python313\site-packages\matplotlib\axes\_axes.py", line 7049, in hist
    raise ValueError(f"The 'color' keyword argument must have one "
                     f"color per dataset, but {nx} datasets and "
                     f"{len(colors)} colors were provided")
ValueError: The 'color' keyword argument must have one color per dataset, but 1 datasets and 3 colors were provided
2025-02-13 18:31:19,851 INFO data_visualizer Линейный график успешно построен
2025-02-13 18:31:19,946 INFO data_visualizer Диаграмма рассеяния успешно построен
2025-02-13 18:32:25,853 INFO data_loader Started modul DataLoader
2025-02-13 18:32:25,854 INFO check_data Started modul CheckData
2025-02-13 18:32:25,861 INFO data_visualizer Started modul DataVisualizer
2025-02-13 18:32:25,872 INFO data_loader Данные успешно загружены
2025-02-13 18:32:25,983 INFO data_visualizer График гистограммы успешно построен
2025-02-13 18:32:26,234 INFO data_visualizer Линейный график успешно построен
2025-02-13 18:32:26,344 INFO data_visualizer Диаграмма рассеяния успешно построен
2025-02-13 18:32:47,388 INFO data_loader Started modul DataLoader
2025-02-13 18:32:47,390 INFO check_data Started modul CheckData
2025-02-13 18:32:47,397 INFO data_visualizer Started modul DataVisualizer
2025-02-13 18:32:47,410 INFO data_loader Данные успешно загружены
2025-02-13 18:32:47,431 ERROR data_visualizer Ошибка построения гистрограммы: The 'color' keyword argument must have one color per dataset, but 1 datasets and 3 colors were provided
Traceback (most recent call last):
  File "d:\git\Data-Scientist\dz2\data_visualizer.py", line 17, in add_histogram
    plt.hist(self.df[column].dropna(), bins=bins, alpha=alpha, histtype='bar', color=colors, label=colors)
    ~~~~~~~~^^^^^^^^^^^^^^^^^^^^^^^^^^^^^^^^^^^^^^^^^^^^^^^^^^^^^^^^^^^^^^^^^^^^^^^^^^^^^^^^^^^^^^^^^^^^^^
  File "C:\Users\a.kozak\AppData\Local\Packages\PythonSoftwareFoundation.Python.3.13_qbz5n2kfra8p0\LocalCache\local-packages\Python313\site-packages\matplotlib\_api\deprecation.py", line 453, in wrapper
    return func(*args, **kwargs)
  File "C:\Users\a.kozak\AppData\Local\Packages\PythonSoftwareFoundation.Python.3.13_qbz5n2kfra8p0\LocalCache\local-packages\Python313\site-packages\matplotlib\pyplot.py", line 3469, in hist
    return gca().hist(
           ~~~~~~~~~~^
        x,
        ^^
    ...<15 lines>...
        **kwargs,
        ^^^^^^^^^
    )
    ^
  File "C:\Users\a.kozak\AppData\Local\Packages\PythonSoftwareFoundation.Python.3.13_qbz5n2kfra8p0\LocalCache\local-packages\Python313\site-packages\matplotlib\_api\deprecation.py", line 453, in wrapper
    return func(*args, **kwargs)
  File "C:\Users\a.kozak\AppData\Local\Packages\PythonSoftwareFoundation.Python.3.13_qbz5n2kfra8p0\LocalCache\local-packages\Python313\site-packages\matplotlib\__init__.py", line 1521, in inner
    return func(
        ax,
        *map(cbook.sanitize_sequence, args),
        **{k: cbook.sanitize_sequence(v) for k, v in kwargs.items()})
  File "C:\Users\a.kozak\AppData\Local\Packages\PythonSoftwareFoundation.Python.3.13_qbz5n2kfra8p0\LocalCache\local-packages\Python313\site-packages\matplotlib\axes\_axes.py", line 7049, in hist
    raise ValueError(f"The 'color' keyword argument must have one "
                     f"color per dataset, but {nx} datasets and "
                     f"{len(colors)} colors were provided")
ValueError: The 'color' keyword argument must have one color per dataset, but 1 datasets and 3 colors were provided
2025-02-13 18:32:47,733 INFO data_visualizer Линейный график успешно построен
2025-02-13 18:32:47,815 INFO data_visualizer Диаграмма рассеяния успешно построен
2025-02-13 18:33:11,722 INFO data_loader Started modul DataLoader
2025-02-13 18:33:11,723 INFO check_data Started modul CheckData
2025-02-13 18:33:11,731 INFO data_visualizer Started modul DataVisualizer
2025-02-13 18:33:11,743 INFO data_loader Данные успешно загружены
2025-02-13 18:33:11,867 INFO data_visualizer График гистограммы успешно построен
2025-02-13 18:33:12,111 INFO data_visualizer Линейный график успешно построен
2025-02-13 18:33:12,229 INFO data_visualizer Диаграмма рассеяния успешно построен
2025-02-13 18:37:53,309 INFO data_loader Started modul DataLoader
2025-02-13 18:37:53,309 INFO check_data Started modul CheckData
2025-02-13 18:37:53,318 INFO data_visualizer Started modul DataVisualizer
2025-02-13 18:37:53,330 INFO data_loader Данные успешно загружены
2025-02-13 18:37:53,453 INFO data_visualizer График гистограммы успешно построен
2025-02-13 18:37:53,698 INFO data_visualizer Линейный график успешно построен
2025-02-13 18:37:53,787 INFO data_visualizer Диаграмма рассеяния успешно построен
2025-02-13 18:39:40,799 INFO data_loader Started modul DataLoader
2025-02-13 18:39:40,800 INFO check_data Started modul CheckData
2025-02-13 18:39:40,810 INFO data_visualizer Started modul DataVisualizer
2025-02-13 18:39:40,821 INFO data_loader Данные успешно загружены
2025-02-13 18:39:40,939 INFO data_visualizer График гистограммы успешно построен
2025-02-13 18:39:41,210 INFO data_visualizer Линейный график успешно построен
2025-02-13 18:39:41,364 INFO data_visualizer Диаграмма рассеяния успешно построен
2025-02-13 18:40:01,375 INFO data_loader Started modul DataLoader
2025-02-13 18:40:01,375 INFO check_data Started modul CheckData
2025-02-13 18:40:01,384 INFO data_visualizer Started modul DataVisualizer
2025-02-13 18:40:01,394 INFO data_loader Данные успешно загружены
2025-02-13 18:40:01,505 INFO data_visualizer График гистограммы успешно построен
2025-02-13 18:40:01,732 INFO data_visualizer Линейный график успешно построен
2025-02-13 18:40:01,834 INFO data_visualizer Диаграмма рассеяния успешно построен
2025-02-13 18:43:26,471 INFO data_loader Started modul DataLoader
2025-02-13 18:43:26,471 INFO check_data Started modul CheckData
2025-02-13 18:43:26,481 INFO data_visualizer Started modul DataVisualizer
2025-02-13 18:43:26,494 INFO data_loader Данные успешно загружены
2025-02-13 18:43:26,615 INFO data_visualizer График гистограммы успешно построен
2025-02-13 18:43:26,861 INFO data_visualizer Линейный график успешно построен
2025-02-13 18:43:26,965 INFO data_visualizer Диаграмма рассеяния успешно построен
2025-02-13 18:46:28,919 INFO data_loader Started modul DataLoader
2025-02-13 18:46:28,919 INFO check_data Started modul CheckData
2025-02-13 18:46:28,928 INFO data_visualizer Started modul DataVisualizer
2025-02-13 18:46:28,941 INFO data_loader Данные успешно загружены
2025-02-13 18:46:29,064 INFO data_visualizer График гистограммы успешно построен
2025-02-13 18:46:29,299 INFO data_visualizer Линейный график успешно построен
2025-02-13 18:46:29,397 INFO data_visualizer Диаграмма рассеяния успешно построен
2025-02-13 18:48:06,923 INFO data_loader Started modul DataLoader
2025-02-13 18:48:06,924 INFO check_data Started modul CheckData
2025-02-13 18:48:06,932 INFO data_visualizer Started modul DataVisualizer
2025-02-13 18:48:06,944 INFO data_loader Данные успешно загружены
2025-02-13 18:48:07,054 INFO data_visualizer График гистограммы успешно построен
2025-02-13 18:48:07,291 INFO data_visualizer Линейный график успешно построен
2025-02-13 18:48:07,375 INFO data_visualizer Диаграмма рассеяния успешно построен
2025-02-13 18:48:25,026 INFO data_loader Started modul DataLoader
2025-02-13 18:48:25,026 INFO check_data Started modul CheckData
2025-02-13 18:48:25,036 INFO data_visualizer Started modul DataVisualizer
2025-02-13 18:48:25,046 INFO data_loader Данные успешно загружены
2025-02-13 18:48:25,163 INFO data_visualizer График гистограммы успешно построен
2025-02-13 18:48:25,391 INFO data_visualizer Линейный график успешно построен
2025-02-13 18:48:25,474 INFO data_visualizer Диаграмма рассеяния успешно построен
